{"numFailedTestSuites":0,"numFailedTests":0,"numPassedTestSuites":3,"numPassedTests":84,"numPendingTestSuites":0,"numPendingTests":0,"numRuntimeErrorTestSuites":0,"numTodoTests":0,"numTotalTestSuites":3,"numTotalTests":84,"openHandles":[],"snapshot":{"added":0,"didUpdate":false,"failure":false,"filesAdded":0,"filesRemoved":0,"filesRemovedList":[],"filesUnmatched":0,"filesUpdated":0,"matched":0,"total":0,"unchecked":0,"uncheckedKeysByFile":[],"unmatched":0,"updated":0},"startTime":1790124651553,"success":true,"testResults":[{"assertionResults":[{"ancestorTitles":["Eliminación y salidas administrativas"],"duration":487,"failing":false,"failureDetails":[],"failureMessages":[],"fullName":"Eliminación y salidas administrativas cinco recibidos menos dos defectuosos dejan tres y conservan motivo y responsable","invocations":1,"location":null,"numPassingAsserts":4,"retryMessages":[],"retryReasons":[],"status":"passed","title":"cinco recibidos menos dos defectuosos dejan tres y conservan motivo y responsable","startAt":1790124666338},{"ancestorTitles":["Eliminación y salidas administrativas"],"duration":168,"failing":false,"failureDetails":[],"failureMessages":[],"fullName":"Eliminación y salidas administrativas bloquea ambas operaciones para null sin modificar datos","invocations":1,"location":null,"numPassingAsserts":4,"retryMessages":[],"retryReasons":[],"status":"passed","title":"bloquea ambas operaciones para null sin modificar datos","startAt":1790124666825},{"ancestorTitles":["Eliminación y salidas administrativas"],"duration":169,"failing":false,"failureDetails":[],"failureMessages":[],"fullName":"Eliminación y salidas administrativas bloquea ambas operaciones para usuario sin modificar datos","invocations":1,"location":null,"numPassingAsserts":4,"retryMessages":[],"retryReasons":[],"status":"passed","title":"bloquea ambas operaciones para usuario sin modificar datos","startAt":1790124666993},{"ancestorTitles":["Eliminación y salidas administrativas"],"duration":162,"failing":false,"failureDetails":[],"failureMessages":[],"fullName":"Eliminación y salidas administrativas rechaza salida inválida 0 Defecto","invocations":1,"location":null,"numPassingAsserts":3,"retryMessages":[],"retryReasons":[],"status":"passed","title":"rechaza salida inválida 0 Defecto","startAt":1790124667162},{"ancestorTitles":["Eliminación y salidas administrativas"],"duration":161,"failing":false,"failureDetails":[],"failureMessages":[],"fullName":"Eliminación y salidas administrativas rechaza salida inválida -1 Defecto","invocations":1,"location":null,"numPassingAsserts":3,"retryMessages":[],"retryReasons":[],"status":"passed","title":"rechaza salida inválida -1 Defecto","startAt":1790124667324},{"ancestorTitles":["Eliminación y salidas administrativas"],"duration":170,"failing":false,"failureDetails":[],"failureMessages":[],"fullName":"Eliminación y salidas administrativas rechaza salida inválida 1.5 Defecto","invocations":1,"location":null,"numPassingAsserts":3,"retryMessages":[],"retryReasons":[],"status":"passed","title":"rechaza salida inválida 1.5 Defecto","startAt":1790124667485},{"ancestorTitles":["Eliminación y salidas administrativas"],"duration":167,"failing":false,"failureDetails":[],"failureMessages":[],"fullName":"Eliminación y salidas administrativas rechaza salida inválida 2  ","invocations":1,"location":null,"numPassingAsserts":3,"retryMessages":[],"retryReasons":[],"status":"passed","title":"rechaza salida inválida 2  ","startAt":1790124667655},{"ancestorTitles":["Eliminación y salidas administrativas"],"duration":182,"failing":false,"failureDetails":[],"failureMessages":[],"fullName":"Eliminación y salidas administrativas rechaza salida inválida 6 Defecto","invocations":1,"location":null,"numPassingAsserts":3,"retryMessages":[],"retryReasons":[],"status":"passed","title":"rechaza salida inválida 6 Defecto","startAt":1790124667822},{"ancestorTitles":["Eliminación y salidas administrativas"],"duration":194,"failing":false,"failureDetails":[],"failureMessages":[],"fullName":"Eliminación y salidas administrativas eliminar oculta el material, preserva historial y bloquea operaciones posteriores","invocations":1,"location":null,"numPassingAsserts":9,"retryMessages":[],"retryReasons":[],"status":"passed","title":"eliminar oculta el material, preserva historial y bloquea operaciones posteriores","startAt":1790124668004},{"ancestorTitles":["Eliminación y salidas administrativas"],"duration":168,"failing":false,"failureDetails":[],"failureMessages":[],"fullName":"Eliminación y salidas administrativas un fallo al guardar la salida revierte el descuento","invocations":1,"location":null,"numPassingAsserts":3,"retryMessages":[],"retryReasons":[],"status":"passed","title":"un fallo al guardar la salida revierte el descuento","startAt":1790124668198},{"ancestorTitles":[],"duration":213,"failing":false,"failureDetails":[],"failureMessages":[],"fullName":"migra una base anterior y conserva datos después de reabrir","invocations":1,"location":null,"numPassingAsserts":5,"retryMessages":[],"retryReasons":[],"status":"passed","title":"migra una base anterior y conserva datos después de reabrir","startAt":1790124668366}],"endTime":1790124668580,"message":"","name":"C:\\Users\\sarah\\Desktop\\NAILFLOW\\tests\\materials.test.js","startTime":1790124655309,"status":"passed","summary":""},{"assertionResults":[{"ancestorTitles":["Registro de cuentas desde una base vacía"],"duration":98,"failing":false,"failureDetails":[],"failureMessages":[],"fullName":"Registro de cuentas desde una base vacía arranca sin cuentas ni materiales","invocations":1,"location":null,"numPassingAsserts":3,"retryMessages":[],"retryReasons":[],"status":"passed","title":"arranca sin cuentas ni materiales","startAt":1790124668718},{"ancestorTitles":["Registro de cuentas desde una base vacía"],"duration":126,"failing":false,"failureDetails":[],"failureMessages":[],"fullName":"Registro de cuentas desde una base vacía la primera cuenta recibe administración sin revelar el hash","invocations":1,"location":null,"numPassingAsserts":7,"retryMessages":[],"retryReasons":[],"status":"passed","title":"la primera cuenta recibe administración sin revelar el hash","startAt":1790124668816},{"ancestorTitles":["Registro de cuentas desde una base vacía"],"duration":247,"failing":false,"failureDetails":[],"failureMessages":[],"fullName":"Registro de cuentas desde una base vacía los siguientes registros no pueden elegir administración","invocations":1,"location":null,"numPassingAsserts":5,"retryMessages":[],"retryReasons":[],"status":"passed","title":"los siguientes registros no pueden elegir administración","startAt":1790124668942},{"ancestorTitles":["Registro de cuentas desde una base vacía"],"duration":192,"failing":false,"failureDetails":[],"failureMessages":[],"fullName":"Registro de cuentas desde una base vacía dos registros simultáneos solo crean una administradora","invocations":1,"location":null,"numPassingAsserts":2,"retryMessages":[],"retryReasons":[],"status":"passed","title":"dos registros simultáneos solo crean una administradora","startAt":1790124669189},{"ancestorTitles":["Registro de cuentas desde una base vacía"],"duration":280,"failing":false,"failureDetails":[],"failureMessages":[],"fullName":"Registro de cuentas desde una base vacía rechaza duplicados sin cambiar contraseña ni rol","invocations":1,"location":null,"numPassingAsserts":5,"retryMessages":[],"retryReasons":[],"status":"passed","title":"rechaza duplicados sin cambiar contraseña ni rol","startAt":1790124669381},{"ancestorTitles":["Registro de cuentas desde una base vacía"],"duration":122,"failing":false,"failureDetails":[],"failureMessages":[],"fullName":"Registro de cuentas desde una base vacía un registro inválido no ocupa la primera cuenta {}","invocations":1,"location":null,"numPassingAsserts":3,"retryMessages":[],"retryReasons":[],"status":"passed","title":"un registro inválido no ocupa la primera cuenta {}","startAt":1790124669661},{"ancestorTitles":["Registro de cuentas desde una base vacía"],"duration":120,"failing":false,"failureDetails":[],"failureMessages":[],"fullName":"Registro de cuentas desde una base vacía un registro inválido no ocupa la primera cuenta {\"email\": \"<script>alert(1)</script>\", \"password\": \"Registro2026!\"}","invocations":1,"location":null,"numPassingAsserts":3,"retryMessages":[],"retryReasons":[],"status":"passed","title":"un registro inválido no ocupa la primera cuenta {\"email\": \"<script>alert(1)</script>\", \"password\": \"Registro2026!\"}","startAt":1790124669783},{"ancestorTitles":["Registro de cuentas desde una base vacía"],"duration":134,"failing":false,"failureDetails":[],"failureMessages":[],"fullName":"Registro de cuentas desde una base vacía un registro inválido no ocupa la primera cuenta {\"email\": \"PRIMERA@REGISTRO.TEST\", \"password\": \"\"}","invocations":1,"location":null,"numPassingAsserts":3,"retryMessages":[],"retryReasons":[],"status":"passed","title":"un registro inválido no ocupa la primera cuenta {\"email\": \"PRIMERA@REGISTRO.TEST\", \"password\": \"\"}","startAt":1790124669903},{"ancestorTitles":["Registro de cuentas desde una base vacía"],"duration":93,"failing":false,"failureDetails":[],"failureMessages":[],"fullName":"Registro de cuentas desde una base vacía limita intentos de registro repetidos","invocations":1,"location":null,"numPassingAsserts":2,"retryMessages":[],"retryReasons":[],"status":"passed","title":"limita intentos de registro repetidos","startAt":1790124670037},{"ancestorTitles":["Registro de cuentas desde una base vacía"],"duration":156,"failing":false,"failureDetails":[],"failureMessages":[],"fullName":"Registro de cuentas desde una base vacía un error de almacenamiento no deja una cuenta parcial","invocations":1,"location":null,"numPassingAsserts":3,"retryMessages":[],"retryReasons":[],"status":"passed","title":"un error de almacenamiento no deja una cuenta parcial","startAt":1790124670130},{"ancestorTitles":["Integración de API y controles de seguridad"],"duration":303,"failing":false,"failureDetails":[],"failureMessages":[],"fullName":"Integración de API y controles de seguridad salud y página principal disponibles sin sesión","invocations":1,"location":null,"numPassingAsserts":16,"retryMessages":[],"retryReasons":[],"status":"passed","title":"salud y página principal disponibles sin sesión","startAt":1790124670286},{"ancestorTitles":["Integración de API y controles de seguridad"],"duration":213,"failing":false,"failureDetails":[],"failureMessages":[],"fullName":"Integración de API y controles de seguridad consulta identidad sin exponer contraseña o hash","invocations":1,"location":null,"numPassingAsserts":3,"retryMessages":[],"retryReasons":[],"status":"passed","title":"consulta identidad sin exponer contraseña o hash","startAt":1790124670589},{"ancestorTitles":["Integración de API y controles de seguridad"],"duration":194,"failing":false,"failureDetails":[],"failureMessages":[],"fullName":"Integración de API y controles de seguridad bloquea autenticación inválida null","invocations":1,"location":null,"numPassingAsserts":1,"retryMessages":[],"retryReasons":[],"status":"passed","title":"bloquea autenticación inválida null","startAt":1790124670802},{"ancestorTitles":["Integración de API y controles de seguridad"],"duration":208,"failing":false,"failureDetails":[],"failureMessages":[],"fullName":"Integración de API y controles de seguridad bloquea autenticación inválida \"Basic abc\"","invocations":1,"location":null,"numPassingAsserts":1,"retryMessages":[],"retryReasons":[],"status":"passed","title":"bloquea autenticación inválida \"Basic abc\"","startAt":1790124670996},{"ancestorTitles":["Integración de API y controles de seguridad"],"duration":199,"failing":false,"failureDetails":[],"failureMessages":[],"fullName":"Integración de API y controles de seguridad bloquea autenticación inválida \"Bearer inválido\"","invocations":1,"location":null,"numPassingAsserts":1,"retryMessages":[],"retryReasons":[],"status":"passed","title":"bloquea autenticación inválida \"Bearer inválido\"","startAt":1790124671204},{"ancestorTitles":["Integración de API y controles de seguridad"],"duration":233,"failing":false,"failureDetails":[],"failureMessages":[],"fullName":"Integración de API y controles de seguridad no acepta contraseña incorrecta \"ExampleIncorrect2026!\"","invocations":1,"location":null,"numPassingAsserts":1,"retryMessages":[],"retryReasons":[],"status":"passed","title":"no acepta contraseña incorrecta \"ExampleIncorrect2026!\"","startAt":1790124671403},{"ancestorTitles":["Integración de API y controles de seguridad"],"duration":234,"failing":false,"failureDetails":[],"failureMessages":[],"fullName":"Integración de API y controles de seguridad no acepta contraseña incorrecta \"ExampleUser2026!\"","invocations":1,"location":null,"numPassingAsserts":1,"retryMessages":[],"retryReasons":[],"status":"passed","title":"no acepta contraseña incorrecta \"ExampleUser2026!\"","startAt":1790124671636},{"ancestorTitles":["Integración de API y controles de seguridad"],"duration":242,"failing":false,"failureDetails":[],"failureMessages":[],"fullName":"Integración de API y controles de seguridad correo inexistente recibe el mismo error","invocations":1,"location":null,"numPassingAsserts":1,"retryMessages":[],"retryReasons":[],"status":"passed","title":"correo inexistente recibe el mismo error","startAt":1790124671870},{"ancestorTitles":["Integración de API y controles de seguridad"],"duration":214,"failing":false,"failureDetails":[],"failureMessages":[],"fullName":"Integración de API y controles de seguridad usuario no puede crear ni editar materiales","invocations":1,"location":null,"numPassingAsserts":2,"retryMessages":[],"retryReasons":[],"status":"passed","title":"usuario no puede crear ni editar materiales","startAt":1790124672112},{"ancestorTitles":["Integración de API y controles de seguridad"],"duration":216,"failing":false,"failureDetails":[],"failureMessages":[],"fullName":"Integración de API y controles de seguridad flujo de alta, consumo, alerta, entrada, edición y bitácora","invocations":1,"location":null,"numPassingAsserts":8,"retryMessages":[],"retryReasons":[],"status":"passed","title":"flujo de alta, consumo, alerta, entrada, edición y bitácora","startAt":1790124672326},{"ancestorTitles":["Integración de API y controles de seguridad"],"duration":196,"failing":false,"failureDetails":[],"failureMessages":[],"fullName":"Integración de API y controles de seguridad rechaza altas inválidas {\"minimum\": 3, \"name\": \"Esmalte rosa\", \"quantity\": -1, \"unit\": \"frascos\"}","invocations":1,"location":null,"numPassingAsserts":1,"retryMessages":[],"retryReasons":[],"status":"passed","title":"rechaza altas inválidas {\"minimum\": 3, \"name\": \"Esmalte rosa\", \"quantity\": -1, \"unit\": \"frascos\"}","startAt":1790124672542},{"ancestorTitles":["Integración de API y controles de seguridad"],"duration":219,"failing":false,"failureDetails":[],"failureMessages":[],"fullName":"Integración de API y controles de seguridad rechaza altas inválidas {\"minimum\": 1.5, \"name\": \"Esmalte rosa\", \"quantity\": 10, \"unit\": \"frascos\"}","invocations":1,"location":null,"numPassingAsserts":1,"retryMessages":[],"retryReasons":[],"status":"passed","title":"rechaza altas inválidas {\"minimum\": 1.5, \"name\": \"Esmalte rosa\", \"quantity\": 10, \"unit\": \"frascos\"}","startAt":1790124672738},{"ancestorTitles":["Integración de API y controles de seguridad"],"duration":215,"failing":false,"failureDetails":[],"failureMessages":[],"fullName":"Integración de API y controles de seguridad rechaza altas inválidas {\"minimum\": 3, \"name\": \"<script>alert(1)</script>\", \"quantity\": 10, \"unit\": \"frascos\"}","invocations":1,"location":null,"numPassingAsserts":1,"retryMessages":[],"retryReasons":[],"status":"passed","title":"rechaza altas inválidas {\"minimum\": 3, \"name\": \"<script>alert(1)</script>\", \"quantity\": 10, \"unit\": \"frascos\"}","startAt":1790124672957},{"ancestorTitles":["Integración de API y controles de seguridad"],"duration":199,"failing":false,"failureDetails":[],"failureMessages":[],"fullName":"Integración de API y controles de seguridad rechaza altas inválidas {\"minimum\": 3, \"name\": \"Esmalte rosa\", \"quantity\": 10, \"unit\": \"\"}","invocations":1,"location":null,"numPassingAsserts":1,"retryMessages":[],"retryReasons":[],"status":"passed","title":"rechaza altas inválidas {\"minimum\": 3, \"name\": \"Esmalte rosa\", \"quantity\": 10, \"unit\": \"\"}","startAt":1790124673173},{"ancestorTitles":["Integración de API y controles de seguridad"],"duration":233,"failing":false,"failureDetails":[],"failureMessages":[],"fullName":"Integración de API y controles de seguridad consumos inválidos no modifican existencias","invocations":1,"location":null,"numPassingAsserts":7,"retryMessages":[],"retryReasons":[],"status":"passed","title":"consumos inválidos no modifican existencias","startAt":1790124673372},{"ancestorTitles":["Integración de API y controles de seguridad"],"duration":216,"failing":false,"failureDetails":[],"failureMessages":[],"fullName":"Integración de API y controles de seguridad inyección SQL e identificadores manipulados no son aceptados","invocations":1,"location":null,"numPassingAsserts":3,"retryMessages":[],"retryReasons":[],"status":"passed","title":"inyección SQL e identificadores manipulados no son aceptados","startAt":1790124673605},{"ancestorTitles":["Integración de API y controles de seguridad"],"duration":207,"failing":false,"failureDetails":[],"failureMessages":[],"fullName":"Integración de API y controles de seguridad sesión expira por inactividad y se revoca","invocations":1,"location":null,"numPassingAsserts":2,"retryMessages":[],"retryReasons":[],"status":"passed","title":"sesión expira por inactividad y se revoca","startAt":1790124673821},{"ancestorTitles":["Integración de API y controles de seguridad"],"duration":210,"failing":false,"failureDetails":[],"failureMessages":[],"fullName":"Integración de API y controles de seguridad actividad antes del límite prolonga la sesión","invocations":1,"location":null,"numPassingAsserts":2,"retryMessages":[],"retryReasons":[],"status":"passed","title":"actividad antes del límite prolonga la sesión","startAt":1790124674028},{"ancestorTitles":["Integración de API y controles de seguridad"],"duration":207,"failing":false,"failureDetails":[],"failureMessages":[],"fullName":"Integración de API y controles de seguridad cerrar sesión impide reutilizar el token","invocations":1,"location":null,"numPassingAsserts":2,"retryMessages":[],"retryReasons":[],"status":"passed","title":"cerrar sesión impide reutilizar el token","startAt":1790124674238},{"ancestorTitles":["Integración de API y controles de seguridad"],"duration":210,"failing":false,"failureDetails":[],"failureMessages":[],"fullName":"Integración de API y controles de seguridad tokens incorrectos o vencidos fallan","invocations":1,"location":null,"numPassingAsserts":4,"retryMessages":[],"retryReasons":[],"status":"passed","title":"tokens incorrectos o vencidos fallan","startAt":1790124674445},{"ancestorTitles":["Integración de API y controles de seguridad"],"duration":332,"failing":false,"failureDetails":[],"failureMessages":[],"fullName":"Integración de API y controles de seguridad limita intentos repetidos de inicio de sesión","invocations":1,"location":null,"numPassingAsserts":1,"retryMessages":[],"retryReasons":[],"status":"passed","title":"limita intentos repetidos de inicio de sesión","startAt":1790124674655},{"ancestorTitles":["Integración de API y controles de seguridad"],"duration":224,"failing":false,"failureDetails":[],"failureMessages":[],"fullName":"Integración de API y controles de seguridad rechaza JSON mal formado y solicitudes grandes","invocations":1,"location":null,"numPassingAsserts":3,"retryMessages":[],"retryReasons":[],"status":"passed","title":"rechaza JSON mal formado y solicitudes grandes","startAt":1790124674987},{"ancestorTitles":["Integración de API y controles de seguridad"],"duration":206,"failing":false,"failureDetails":[],"failureMessages":[],"fullName":"Integración de API y controles de seguridad oculta los detalles de errores internos","invocations":1,"location":null,"numPassingAsserts":2,"retryMessages":[],"retryReasons":[],"status":"passed","title":"oculta los detalles de errores internos","startAt":1790124675211}],"endTime":1790124675418,"message":"","name":"C:\\Users\\sarah\\Desktop\\NAILFLOW\\tests\\api.test.js","startTime":1790124668589,"status":"passed","summary":""},{"assertionResults":[{"ancestorTitles":["Validaciones unitarias"],"duration":1,"failing":false,"failureDetails":[],"failureMessages":[],"fullName":"Validaciones unitarias normaliza un nombre y un correo válidos","invocations":1,"location":null,"numPassingAsserts":4,"retryMessages":[],"retryReasons":[],"status":"passed","title":"normaliza un nombre y un correo válidos","startAt":1790124675572},{"ancestorTitles":["Validaciones unitarias"],"duration":9,"failing":false,"failureDetails":[],"failureMessages":[],"fullName":"Validaciones unitarias rechaza texto inválido null","invocations":1,"location":null,"numPassingAsserts":1,"retryMessages":[],"retryReasons":[],"status":"passed","title":"rechaza texto inválido null","startAt":1790124675573},{"ancestorTitles":["Validaciones unitarias"],"duration":0,"failing":false,"failureDetails":[],"failureMessages":[],"fullName":"Validaciones unitarias rechaza texto inválido 12","invocations":1,"location":null,"numPassingAsserts":1,"retryMessages":[],"retryReasons":[],"status":"passed","title":"rechaza texto inválido 12","startAt":1790124675582},{"ancestorTitles":["Validaciones unitarias"],"duration":1,"failing":false,"failureDetails":[],"failureMessages":[],"fullName":"Validaciones unitarias rechaza texto inválido \"\"","invocations":1,"location":null,"numPassingAsserts":1,"retryMessages":[],"retryReasons":[],"status":"passed","title":"rechaza texto inválido \"\"","startAt":1790124675582},{"ancestorTitles":["Validaciones unitarias"],"duration":0,"failing":false,"failureDetails":[],"failureMessages":[],"fullName":"Validaciones unitarias rechaza texto inválido \" \"","invocations":1,"location":null,"numPassingAsserts":1,"retryMessages":[],"retryReasons":[],"status":"passed","title":"rechaza texto inválido \" \"","startAt":1790124675583},{"ancestorTitles":["Validaciones unitarias"],"duration":1,"failing":false,"failureDetails":[],"failureMessages":[],"fullName":"Validaciones unitarias rechaza texto inválido \"<script>alert(1)</script>\"","invocations":1,"location":null,"numPassingAsserts":1,"retryMessages":[],"retryReasons":[],"status":"passed","title":"rechaza texto inválido \"<script>alert(1)</script>\"","startAt":1790124675583},{"ancestorTitles":["Validaciones unitarias"],"duration":0,"failing":false,"failureDetails":[],"failureMessages":[],"fullName":"Validaciones unitarias rechaza texto inválido \"xxxxxxxxxxxxxxxxxxxxxxxxxxxxxxxxxxxxxxxxxxxxxxxxxxxxxxxxxxxxxxxxxxxxxxxxxxxxxxxxx\"","invocations":1,"location":null,"numPassingAsserts":1,"retryMessages":[],"retryReasons":[],"status":"passed","title":"rechaza texto inválido \"xxxxxxxxxxxxxxxxxxxxxxxxxxxxxxxxxxxxxxxxxxxxxxxxxxxxxxxxxxxxxxxxxxxxxxxxxxxxxxxxx\"","startAt":1790124675584},{"ancestorTitles":["Validaciones unitarias"],"duration":0,"failing":false,"failureDetails":[],"failureMessages":[],"fullName":"Validaciones unitarias rechaza cantidad inválida -1","invocations":1,"location":null,"numPassingAsserts":1,"retryMessages":[],"retryReasons":[],"status":"passed","title":"rechaza cantidad inválida -1","startAt":1790124675584},{"ancestorTitles":["Validaciones unitarias"],"duration":1,"failing":false,"failureDetails":[],"failureMessages":[],"fullName":"Validaciones unitarias rechaza cantidad inválida 1.5","invocations":1,"location":null,"numPassingAsserts":1,"retryMessages":[],"retryReasons":[],"status":"passed","title":"rechaza cantidad inválida 1.5","startAt":1790124675584},{"ancestorTitles":["Validaciones unitarias"],"duration":0,"failing":false,"failureDetails":[],"failureMessages":[],"fullName":"Validaciones unitarias rechaza cantidad inválida \"4\"","invocations":1,"location":null,"numPassingAsserts":1,"retryMessages":[],"retryReasons":[],"status":"passed","title":"rechaza cantidad inválida \"4\"","startAt":1790124675585},{"ancestorTitles":["Validaciones unitarias"],"duration":0,"failing":false,"failureDetails":[],"failureMessages":[],"fullName":"Validaciones unitarias rechaza cantidad inválida null","invocations":1,"location":null,"numPassingAsserts":1,"retryMessages":[],"retryReasons":[],"status":"passed","title":"rechaza cantidad inválida null","startAt":1790124675585},{"ancestorTitles":["Validaciones unitarias"],"duration":1,"failing":false,"failureDetails":[],"failureMessages":[],"fullName":"Validaciones unitarias rechaza cantidad inválida 1000001","invocations":1,"location":null,"numPassingAsserts":1,"retryMessages":[],"retryReasons":[],"status":"passed","title":"rechaza cantidad inválida 1000001","startAt":1790124675585},{"ancestorTitles":["Validaciones unitarias"],"duration":0,"failing":false,"failureDetails":[],"failureMessages":[],"fullName":"Validaciones unitarias rechaza cantidad inválida NaN","invocations":1,"location":null,"numPassingAsserts":1,"retryMessages":[],"retryReasons":[],"status":"passed","title":"rechaza cantidad inválida NaN","startAt":1790124675586},{"ancestorTitles":["Validaciones unitarias"],"duration":0,"failing":false,"failureDetails":[],"failureMessages":[],"fullName":"Validaciones unitarias rechaza identificador inválido \"0\"","invocations":1,"location":null,"numPassingAsserts":1,"retryMessages":[],"retryReasons":[],"status":"passed","title":"rechaza identificador inválido \"0\"","startAt":1790124675586},{"ancestorTitles":["Validaciones unitarias"],"duration":1,"failing":false,"failureDetails":[],"failureMessages":[],"fullName":"Validaciones unitarias rechaza identificador inválido \"-1\"","invocations":1,"location":null,"numPassingAsserts":1,"retryMessages":[],"retryReasons":[],"status":"passed","title":"rechaza identificador inválido \"-1\"","startAt":1790124675586},{"ancestorTitles":["Validaciones unitarias"],"duration":0,"failing":false,"failureDetails":[],"failureMessages":[],"fullName":"Validaciones unitarias rechaza identificador inválido \"1 OR 1=1\"","invocations":1,"location":null,"numPassingAsserts":1,"retryMessages":[],"retryReasons":[],"status":"passed","title":"rechaza identificador inválido \"1 OR 1=1\"","startAt":1790124675587},{"ancestorTitles":["Validaciones unitarias"],"duration":0,"failing":false,"failureDetails":[],"failureMessages":[],"fullName":"Validaciones unitarias rechaza identificador inválido \"1.5\"","invocations":1,"location":null,"numPassingAsserts":1,"retryMessages":[],"retryReasons":[],"status":"passed","title":"rechaza identificador inválido \"1.5\"","startAt":1790124675587},{"ancestorTitles":["Validaciones unitarias"],"duration":0,"failing":false,"failureDetails":[],"failureMessages":[],"fullName":"Validaciones unitarias rechaza identificador inválido \"1000001\"","invocations":1,"location":null,"numPassingAsserts":1,"retryMessages":[],"retryReasons":[],"status":"passed","title":"rechaza identificador inválido \"1000001\"","startAt":1790124675588},{"ancestorTitles":["Validaciones unitarias"],"duration":0,"failing":false,"failureDetails":[],"failureMessages":[],"fullName":"Validaciones unitarias rechaza identificador inválido \"abc\"","invocations":1,"location":null,"numPassingAsserts":1,"retryMessages":[],"retryReasons":[],"status":"passed","title":"rechaza identificador inválido \"abc\"","startAt":1790124675588},{"ancestorTitles":["Validaciones unitarias"],"duration":1,"failing":false,"failureDetails":[],"failureMessages":[],"fullName":"Validaciones unitarias rechaza credenciales inválidas {\"email\": null, \"password\": \"Example2026!\"}","invocations":1,"location":null,"numPassingAsserts":1,"retryMessages":[],"retryReasons":[],"status":"passed","title":"rechaza credenciales inválidas {\"email\": null, \"password\": \"Example2026!\"}","startAt":1790124675588},{"ancestorTitles":["Validaciones unitarias"],"duration":0,"failing":false,"failureDetails":[],"failureMessages":[],"fullName":"Validaciones unitarias rechaza credenciales inválidas {\"email\": \"xxxxxxxxxxxxxxxxxxxxxxxxxxxxxxxxxxxxxxxxxxxxxxxxxxxxxxxxxxxxxxxxxxxxxxxxxxxxxxxxxxxxxxxxxxxxxxxxxxxxxxxxxxxxxxxxxxxxxxxxx\", \"password\": \"Example2026!\"}","invocations":1,"location":null,"numPassingAsserts":1,"retryMessages":[],"retryReasons":[],"status":"passed","title":"rechaza credenciales inválidas {\"email\": \"xxxxxxxxxxxxxxxxxxxxxxxxxxxxxxxxxxxxxxxxxxxxxxxxxxxxxxxxxxxxxxxxxxxxxxxxxxxxxxxxxxxxxxxxxxxxxxxxxxxxxxxxxxxxxxxxxxxxxxxxx\", \"password\": \"Example2026!\"}","startAt":1790124675589},{"ancestorTitles":["Validaciones unitarias"],"duration":0,"failing":false,"failureDetails":[],"failureMessages":[],"fullName":"Validaciones unitarias rechaza credenciales inválidas {\"email\": \"no-es-correo\", \"password\": \"Example2026!\"}","invocations":1,"location":null,"numPassingAsserts":1,"retryMessages":[],"retryReasons":[],"status":"passed","title":"rechaza credenciales inválidas {\"email\": \"no-es-correo\", \"password\": \"Example2026!\"}","startAt":1790124675589},{"ancestorTitles":["Validaciones unitarias"],"duration":1,"failing":false,"failureDetails":[],"failureMessages":[],"fullName":"Validaciones unitarias rechaza credenciales inválidas {\"email\": \"a@b.test\", \"password\": null}","invocations":1,"location":null,"numPassingAsserts":1,"retryMessages":[],"retryReasons":[],"status":"passed","title":"rechaza credenciales inválidas {\"email\": \"a@b.test\", \"password\": null}","startAt":1790124675589},{"ancestorTitles":["Validaciones unitarias"],"duration":0,"failing":false,"failureDetails":[],"failureMessages":[],"fullName":"Validaciones unitarias rechaza credenciales inválidas {\"email\": \"a@b.test\", \"password\": \"\"}","invocations":1,"location":null,"numPassingAsserts":1,"retryMessages":[],"retryReasons":[],"status":"passed","title":"rechaza credenciales inválidas {\"email\": \"a@b.test\", \"password\": \"\"}","startAt":1790124675590},{"ancestorTitles":["Validaciones unitarias"],"duration":0,"failing":false,"failureDetails":[],"failureMessages":[],"fullName":"Validaciones unitarias rechaza credenciales inválidas {\"email\": \"a@b.test\", \"password\": \"xxxxxxxxxxxxxxxxxxxxxxxxxxxxxxxxxxxxxxxxxxxxxxxxxxxxxxxxxxxxxxxxxxxxxxxxxxxxxxxxxxxxxxxxxxxxxxxxxxxxxxxxxxxxxxxxxxxxxxxxxxxxxxxxx\"}","invocations":1,"location":null,"numPassingAsserts":1,"retryMessages":[],"retryReasons":[],"status":"passed","title":"rechaza credenciales inválidas {\"email\": \"a@b.test\", \"password\": \"xxxxxxxxxxxxxxxxxxxxxxxxxxxxxxxxxxxxxxxxxxxxxxxxxxxxxxxxxxxxxxxxxxxxxxxxxxxxxxxxxxxxxxxxxxxxxxxxxxxxxxxxxxxxxxxxxxxxxxxxxxxxxxxxx\"}","startAt":1790124675590},{"ancestorTitles":["Validaciones unitarias"],"duration":0,"failing":false,"failureDetails":[],"failureMessages":[],"fullName":"Validaciones unitarias acepta contraseñas cortas no vacías","invocations":1,"location":null,"numPassingAsserts":1,"retryMessages":[],"retryReasons":[],"status":"passed","title":"acepta contraseñas cortas no vacías","startAt":1790124675590},{"ancestorTitles":["Validaciones unitarias"],"duration":1,"failing":false,"failureDetails":[],"failureMessages":[],"fullName":"Validaciones unitarias acepta límites de cantidades","invocations":1,"location":null,"numPassingAsserts":3,"retryMessages":[],"retryReasons":[],"status":"passed","title":"acepta límites de cantidades","startAt":1790124675590},{"ancestorTitles":["Contraseñas y secretos"],"duration":192,"failing":false,"failureDetails":[],"failureMessages":[],"fullName":"Contraseñas y secretos guarda un hash con sal diferente para la misma contraseña","invocations":1,"location":null,"numPassingAsserts":5,"retryMessages":[],"retryReasons":[],"status":"passed","title":"guarda un hash con sal diferente para la misma contraseña","startAt":1790124675591},{"ancestorTitles":["Contraseñas y secretos"],"duration":64,"failing":false,"failureDetails":[],"failureMessages":[],"fullName":"Contraseñas y secretos rechaza secretos inseguros undefined","invocations":1,"location":null,"numPassingAsserts":1,"retryMessages":[],"retryReasons":[],"status":"passed","title":"rechaza secretos inseguros undefined","startAt":1790124675783},{"ancestorTitles":["Contraseñas y secretos"],"duration":1,"failing":false,"failureDetails":[],"failureMessages":[],"fullName":"Contraseñas y secretos rechaza secretos inseguros 1","invocations":1,"location":null,"numPassingAsserts":1,"retryMessages":[],"retryReasons":[],"status":"passed","title":"rechaza secretos inseguros 1","startAt":1790124675847},{"ancestorTitles":["Contraseñas y secretos"],"duration":0,"failing":false,"failureDetails":[],"failureMessages":[],"fullName":"Contraseñas y secretos rechaza secretos inseguros \"corta\"","invocations":1,"location":null,"numPassingAsserts":1,"retryMessages":[],"retryReasons":[],"status":"passed","title":"rechaza secretos inseguros \"corta\"","startAt":1790124675848},{"ancestorTitles":[],"duration":345,"failing":false,"failureDetails":[],"failureMessages":[],"fullName":"conserva cuentas registradas al reabrir la base y mantiene un solo administrador","invocations":1,"location":null,"numPassingAsserts":4,"retryMessages":[],"retryReasons":[],"status":"passed","title":"conserva cuentas registradas al reabrir la base y mantiene un solo administrador","startAt":1790124675848},{"ancestorTitles":["Reglas unitarias del inventario y persistencia"],"duration":3,"failing":false,"failureDetails":[],"failureMessages":[],"fullName":"Reglas unitarias del inventario y persistencia genera alerta exactamente en el mínimo y debajo de él","invocations":1,"location":null,"numPassingAsserts":3,"retryMessages":[],"retryReasons":[],"status":"passed","title":"genera alerta exactamente en el mínimo y debajo de él","startAt":1790124676193},{"ancestorTitles":["Reglas unitarias del inventario y persistencia"],"duration":5,"failing":false,"failureDetails":[],"failureMessages":[],"fullName":"Reglas unitarias del inventario y persistencia un consumo rechazado conserva el saldo y la bitácora","invocations":1,"location":null,"numPassingAsserts":3,"retryMessages":[],"retryReasons":[],"status":"passed","title":"un consumo rechazado conserva el saldo y la bitácora","startAt":1790124676196},{"ancestorTitles":["Reglas unitarias del inventario y persistencia"],"duration":2,"failing":false,"failureDetails":[],"failureMessages":[],"fullName":"Reglas unitarias del inventario y persistencia dos consumos del último saldo solo permiten uno","invocations":1,"location":null,"numPassingAsserts":2,"retryMessages":[],"retryReasons":[],"status":"passed","title":"dos consumos del último saldo solo permiten uno","startAt":1790124676201},{"ancestorTitles":["Reglas unitarias del inventario y persistencia"],"duration":5,"failing":false,"failureDetails":[],"failureMessages":[],"fullName":"Reglas unitarias del inventario y persistencia acepta entrada y rechaza superar el límite","invocations":1,"location":null,"numPassingAsserts":2,"retryMessages":[],"retryReasons":[],"status":"passed","title":"acepta entrada y rechaza superar el límite","startAt":1790124676203},{"ancestorTitles":["Reglas unitarias del inventario y persistencia"],"duration":3,"failing":false,"failureDetails":[],"failureMessages":[],"fullName":"Reglas unitarias del inventario y persistencia evita duplicados y conserva la transacción","invocations":1,"location":null,"numPassingAsserts":3,"retryMessages":[],"retryReasons":[],"status":"passed","title":"evita duplicados y conserva la transacción","startAt":1790124676209},{"ancestorTitles":["Reglas unitarias del inventario y persistencia"],"duration":4,"failing":false,"failureDetails":[],"failureMessages":[],"fullName":"Reglas unitarias del inventario y persistencia edita metadatos y rechaza un nombre duplicado","invocations":1,"location":null,"numPassingAsserts":3,"retryMessages":[],"retryReasons":[],"status":"passed","title":"edita metadatos y rechaza un nombre duplicado","startAt":1790124676212},{"ancestorTitles":["Reglas unitarias del inventario y persistencia"],"duration":4,"failing":false,"failureDetails":[],"failureMessages":[],"fullName":"Reglas unitarias del inventario y persistencia revierte errores de integridad en movimientos y altas","invocations":1,"location":null,"numPassingAsserts":5,"retryMessages":[],"retryReasons":[],"status":"passed","title":"revierte errores de integridad en movimientos y altas","startAt":1790124676216},{"ancestorTitles":["Reglas unitarias del inventario y persistencia"],"duration":102,"failing":false,"failureDetails":[],"failureMessages":[],"fullName":"Reglas unitarias del inventario y persistencia guarda datos al cerrar y abrir la base de datos","invocations":1,"location":null,"numPassingAsserts":1,"retryMessages":[],"retryReasons":[],"status":"passed","title":"guarda datos al cerrar y abrir la base de datos","startAt":1790124676220}],"endTime":1790124676323,"message":"","name":"C:\\Users\\sarah\\Desktop\\NAILFLOW\\tests\\unit.test.js","startTime":1790124675523,"status":"passed","summary":""}],"wasInterrupted":false,"coverageMap":{"C:\\Users\\sarah\\Desktop\\NAILFLOW\\src\\store.js":{"path":"C:\\Users\\sarah\\Desktop\\NAILFLOW\\src\\store.js","statementMap":{"0":{"start":{"line":3,"column":4},"end":{"line":3,"column":26}},"1":{"start":{"line":7,"column":4},"end":{"line":7,"column":22}},"2":{"start":{"line":11,"column":4},"end":{"line":11,"column":24}},"3":{"start":{"line":15,"column":4},"end":{"line":15,"column":23}},"4":{"start":{"line":19,"column":2},"end":{"line":23,"column":3}},"5":{"start":{"line":20,"column":4},"end":{"line":22,"column":7}},"6":{"start":{"line":26,"column":13},"end":{"line":26,"column":39}},"7":{"start":{"line":29,"column":2},"end":{"line":67,"column":5}},"8":{"start":{"line":70,"column":2},"end":{"line":70,"column":29}},"9":{"start":{"line":71,"column":2},"end":{"line":98,"column":3}},"10":{"start":{"line":72,"column":4},"end":{"line":75,"column":5}},"11":{"start":{"line":72,"column":72},"end":{"line":72,"column":100}},"12":{"start":{"line":73,"column":6},"end":{"line":73,"column":65}},"13":{"start":{"line":74,"column":6},"end":{"line":74,"column":89}},"14":{"start":{"line":76,"column":19},"end":{"line":76,"column":97}},"15":{"start":{"line":77,"column":4},"end":{"line":92,"column":5}},"16":{"start":{"line":78,"column":6},"end":{"line":91,"column":9}},"17":{"start":{"line":93,"column":4},"end":{"line":93,"column":22}},"18":{"start":{"line":95,"column":4},"end":{"line":95,"column":24}},"19":{"start":{"line":96,"column":4},"end":{"line":96,"column":15}},"20":{"start":{"line":97,"column":4},"end":{"line":97,"column":16}},"21":{"start":{"line":102,"column":4},"end":{"line":105,"column":6}},"22":{"start":{"line":110,"column":16},"end":{"line":112,"column":14}},"23":{"start":{"line":114,"column":4},"end":{"line":116,"column":5}},"24":{"start":{"line":115,"column":6},"end":{"line":115,"column":57}},"25":{"start":{"line":118,"column":4},"end":{"line":118,"column":21}},"26":{"start":{"line":123,"column":4},"end":{"line":125,"column":5}},"27":{"start":{"line":124,"column":6},"end":{"line":124,"column":99}},"28":{"start":{"line":127,"column":4},"end":{"line":127,"column":16}},"29":{"start":{"line":132,"column":4},"end":{"line":132,"column":22}},"30":{"start":{"line":138,"column":19},"end":{"line":141,"column":29}},"31":{"start":{"line":143,"column":4},"end":{"line":143,"column":42}},"32":{"start":{"line":149,"column":4},"end":{"line":149,"column":31}},"33":{"start":{"line":151,"column":4},"end":{"line":187,"column":5}},"34":{"start":{"line":152,"column":27},"end":{"line":154,"column":14}},"35":{"start":{"line":156,"column":17},"end":{"line":156,"column":26}},"36":{"start":{"line":158,"column":6},"end":{"line":160,"column":7}},"37":{"start":{"line":159,"column":8},"end":{"line":159,"column":31}},"38":{"start":{"line":162,"column":21},"end":{"line":165,"column":31}},"39":{"start":{"line":167,"column":17},"end":{"line":167,"column":47}},"40":{"start":{"line":169,"column":6},"end":{"line":169,"column":24}},"41":{"start":{"line":171,"column":6},"end":{"line":175,"column":8}},"42":{"start":{"line":177,"column":6},"end":{"line":177,"column":26}},"43":{"start":{"line":179,"column":6},"end":{"line":184,"column":7}},"44":{"start":{"line":180,"column":8},"end":{"line":183,"column":10}},"45":{"start":{"line":186,"column":6},"end":{"line":186,"column":18}},"46":{"start":{"line":192,"column":4},"end":{"line":194,"column":18}},"47":{"start":{"line":199,"column":4},"end":{"line":202,"column":35}},"48":{"start":{"line":207,"column":4},"end":{"line":215,"column":22}},"49":{"start":{"line":220,"column":4},"end":{"line":224,"column":27}},"50":{"start":{"line":229,"column":4},"end":{"line":232,"column":22}},"51":{"start":{"line":237,"column":4},"end":{"line":241,"column":23}},"52":{"start":{"line":246,"column":4},"end":{"line":246,"column":31}},"53":{"start":{"line":248,"column":4},"end":{"line":288,"column":5}},"54":{"start":{"line":249,"column":21},"end":{"line":257,"column":7}},"55":{"start":{"line":259,"column":24},"end":{"line":259,"column":54}},"56":{"start":{"line":261,"column":6},"end":{"line":280,"column":7}},"57":{"start":{"line":262,"column":8},"end":{"line":279,"column":10}},"58":{"start":{"line":282,"column":6},"end":{"line":282,"column":24}},"59":{"start":{"line":284,"column":6},"end":{"line":284,"column":35}},"60":{"start":{"line":286,"column":6},"end":{"line":286,"column":26}},"61":{"start":{"line":287,"column":6},"end":{"line":287,"column":23}},"62":{"start":{"line":293,"column":4},"end":{"line":293,"column":26}},"63":{"start":{"line":295,"column":4},"end":{"line":310,"column":5}},"64":{"start":{"line":296,"column":6},"end":{"line":305,"column":8}},"65":{"start":{"line":307,"column":6},"end":{"line":307,"column":35}},"66":{"start":{"line":309,"column":6},"end":{"line":309,"column":23}},"67":{"start":{"line":315,"column":4},"end":{"line":315,"column":26}},"68":{"start":{"line":316,"column":4},"end":{"line":318,"column":56}},"69":{"start":{"line":329,"column":4},"end":{"line":329,"column":31}},"70":{"start":{"line":331,"column":4},"end":{"line":385,"column":5}},"71":{"start":{"line":332,"column":22},"end":{"line":332,"column":43}},"72":{"start":{"line":335,"column":6},"end":{"line":339,"column":7}},"73":{"start":{"line":336,"column":8},"end":{"line":336,"column":49}},"74":{"start":{"line":338,"column":8},"end":{"line":338,"column":49}},"75":{"start":{"line":341,"column":6},"end":{"line":346,"column":7}},"76":{"start":{"line":342,"column":8},"end":{"line":345,"column":10}},"77":{"start":{"line":348,"column":6},"end":{"line":352,"column":7}},"78":{"start":{"line":349,"column":8},"end":{"line":351,"column":10}},"79":{"start":{"line":354,"column":6},"end":{"line":358,"column":38}},"80":{"start":{"line":360,"column":6},"end":{"line":377,"column":8}},"81":{"start":{"line":379,"column":6},"end":{"line":379,"column":24}},"82":{"start":{"line":381,"column":6},"end":{"line":381,"column":35}},"83":{"start":{"line":383,"column":6},"end":{"line":383,"column":26}},"84":{"start":{"line":384,"column":6},"end":{"line":384,"column":18}},"85":{"start":{"line":390,"column":4},"end":{"line":403,"column":13}},"86":{"start":{"line":407,"column":2},"end":{"line":424,"column":4}},"87":{"start":{"line":427,"column":0},"end":{"line":429,"column":2}}},"fnMap":{"0":{"name":"createStore","decl":{"start":{"line":17,"column":9},"end":{"line":17,"column":20}},"loc":{"start":{"line":17,"column":44},"end":{"line":425,"column":1}},"line":17},"1":{"name":"(anonymous_1)","decl":{"start":{"line":72,"column":62},"end":{"line":72,"column":63}},"loc":{"start":{"line":72,"column":72},"end":{"line":72,"column":100}},"line":72},"2":{"name":"view","decl":{"start":{"line":101,"column":11},"end":{"line":101,"column":15}},"loc":{"start":{"line":101,"column":21},"end":{"line":106,"column":3}},"line":101},"3":{"name":"getProduct","decl":{"start":{"line":109,"column":11},"end":{"line":109,"column":21}},"loc":{"start":{"line":109,"column":26},"end":{"line":119,"column":3}},"line":109},"4":{"name":"duplicate","decl":{"start":{"line":122,"column":11},"end":{"line":122,"column":20}},"loc":{"start":{"line":122,"column":28},"end":{"line":128,"column":3}},"line":122},"5":{"name":"close","decl":{"start":{"line":131,"column":11},"end":{"line":131,"column":16}},"loc":{"start":{"line":131,"column":19},"end":{"line":133,"column":3}},"line":131},"6":{"name":"addUser","decl":{"start":{"line":137,"column":11},"end":{"line":137,"column":18}},"loc":{"start":{"line":137,"column":38},"end":{"line":144,"column":3}},"line":137},"7":{"name":"registerUser","decl":{"start":{"line":148,"column":11},"end":{"line":148,"column":23}},"loc":{"start":{"line":148,"column":37},"end":{"line":188,"column":3}},"line":148},"8":{"name":"findUser","decl":{"start":{"line":191,"column":11},"end":{"line":191,"column":19}},"loc":{"start":{"line":191,"column":27},"end":{"line":195,"column":3}},"line":191},"9":{"name":"newSession","decl":{"start":{"line":198,"column":11},"end":{"line":198,"column":21}},"loc":{"start":{"line":198,"column":46},"end":{"line":203,"column":3}},"line":198},"10":{"name":"session","decl":{"start":{"line":206,"column":11},"end":{"line":206,"column":18}},"loc":{"start":{"line":206,"column":30},"end":{"line":216,"column":3}},"line":206},"11":{"name":"touchSession","decl":{"start":{"line":219,"column":11},"end":{"line":219,"column":23}},"loc":{"start":{"line":219,"column":40},"end":{"line":225,"column":3}},"line":219},"12":{"name":"deleteSession","decl":{"start":{"line":228,"column":11},"end":{"line":228,"column":24}},"loc":{"start":{"line":228,"column":36},"end":{"line":233,"column":3}},"line":228},"13":{"name":"listProducts","decl":{"start":{"line":236,"column":11},"end":{"line":236,"column":23}},"loc":{"start":{"line":236,"column":26},"end":{"line":242,"column":3}},"line":236},"14":{"name":"addProduct","decl":{"start":{"line":245,"column":11},"end":{"line":245,"column":21}},"loc":{"start":{"line":245,"column":46},"end":{"line":289,"column":3}},"line":245},"15":{"name":"updateProduct","decl":{"start":{"line":292,"column":11},"end":{"line":292,"column":24}},"loc":{"start":{"line":292,"column":42},"end":{"line":311,"column":3}},"line":292},"16":{"name":"deleteProduct","decl":{"start":{"line":314,"column":11},"end":{"line":314,"column":24}},"loc":{"start":{"line":314,"column":44},"end":{"line":319,"column":3}},"line":314},"17":{"name":"move","decl":{"start":{"line":322,"column":11},"end":{"line":322,"column":15}},"loc":{"start":{"line":328,"column":4},"end":{"line":386,"column":3}},"line":328},"18":{"name":"movements","decl":{"start":{"line":389,"column":11},"end":{"line":389,"column":20}},"loc":{"start":{"line":389,"column":23},"end":{"line":404,"column":3}},"line":389}},"branchMap":{"0":{"loc":{"start":{"line":17,"column":21},"end":{"line":17,"column":42}},"type":"default-arg","locations":[{"start":{"line":17,"column":32},"end":{"line":17,"column":42}}],"line":17},"1":{"loc":{"start":{"line":19,"column":2},"end":{"line":23,"column":3}},"type":"if","locations":[{"start":{"line":19,"column":2},"end":{"line":23,"column":3}},{"start":{},"end":{}}],"line":19},"2":{"loc":{"start":{"line":72,"column":4},"end":{"line":75,"column":5}},"type":"if","locations":[{"start":{"line":72,"column":4},"end":{"line":75,"column":5}},{"start":{},"end":{}}],"line":72},"3":{"loc":{"start":{"line":77,"column":4},"end":{"line":92,"column":5}},"type":"if","locations":[{"start":{"line":77,"column":4},"end":{"line":92,"column":5}},{"start":{},"end":{}}],"line":77},"4":{"loc":{"start":{"line":114,"column":4},"end":{"line":116,"column":5}},"type":"if","locations":[{"start":{"line":114,"column":4},"end":{"line":116,"column":5}},{"start":{},"end":{}}],"line":114},"5":{"loc":{"start":{"line":123,"column":4},"end":{"line":125,"column":5}},"type":"if","locations":[{"start":{"line":123,"column":4},"end":{"line":125,"column":5}},{"start":{},"end":{}}],"line":123},"6":{"loc":{"start":{"line":158,"column":6},"end":{"line":160,"column":7}},"type":"if","locations":[{"start":{"line":158,"column":6},"end":{"line":160,"column":7}},{"start":{},"end":{}}],"line":158},"7":{"loc":{"start":{"line":179,"column":6},"end":{"line":184,"column":7}},"type":"if","locations":[{"start":{"line":179,"column":6},"end":{"line":184,"column":7}},{"start":{},"end":{}}],"line":179},"8":{"loc":{"start":{"line":261,"column":6},"end":{"line":280,"column":7}},"type":"if","locations":[{"start":{"line":261,"column":6},"end":{"line":280,"column":7}},{"start":{},"end":{}}],"line":261},"9":{"loc":{"start":{"line":335,"column":6},"end":{"line":339,"column":7}},"type":"if","locations":[{"start":{"line":335,"column":6},"end":{"line":339,"column":7}},{"start":{"line":337,"column":13},"end":{"line":339,"column":7}}],"line":335},"10":{"loc":{"start":{"line":341,"column":6},"end":{"line":346,"column":7}},"type":"if","locations":[{"start":{"line":341,"column":6},"end":{"line":346,"column":7}},{"start":{},"end":{}}],"line":341},"11":{"loc":{"start":{"line":348,"column":6},"end":{"line":352,"column":7}},"type":"if","locations":[{"start":{"line":348,"column":6},"end":{"line":352,"column":7}},{"start":{},"end":{}}],"line":348}},"s":{"0":3,"1":3,"2":3,"3":3,"4":57,"5":6,"6":57,"7":57,"8":57,"9":57,"10":57,"11":288,"12":54,"13":54,"14":57,"15":57,"16":54,"17":57,"18":0,"19":0,"20":0,"21":67,"22":72,"23":72,"24":8,"25":64,"26":3,"27":2,"28":1,"29":57,"30":75,"31":75,"32":15,"33":15,"34":15,"35":15,"36":15,"37":10,"38":15,"39":13,"40":13,"41":13,"42":2,"43":2,"44":1,"45":1,"46":89,"47":79,"48":46,"49":42,"50":2,"51":11,"52":23,"53":23,"54":23,"55":22,"56":22,"57":21,"58":21,"59":21,"60":2,"61":2,"62":5,"63":3,"64":3,"65":2,"66":1,"67":3,"68":2,"69":19,"70":19,"71":19,"72":15,"73":3,"74":12,"75":15,"76":4,"77":11,"78":1,"79":10,"80":10,"81":8,"82":8,"83":11,"84":11,"85":17,"86":57,"87":3},"f":{"0":57,"1":288,"2":67,"3":72,"4":3,"5":57,"6":75,"7":15,"8":89,"9":79,"10":46,"11":42,"12":2,"13":11,"14":23,"15":5,"16":3,"17":19,"18":17},"b":{"0":[51],"1":[6,51],"2":[54,3],"3":[54,3],"4":[8,64],"5":[2,1],"6":[10,5],"7":[1,1],"8":[21,1],"9":[3,12],"10":[4,11],"11":[1,10]},"_coverageSchema":"1a1c01bbd47fc00a2c39e90264f33305004495a9","hash":"f817af955c3da35e5dd5c0f1903ce90aeaf9e7be"},"C:\\Users\\sarah\\Desktop\\NAILFLOW\\src\\errors.js":{"path":"C:\\Users\\sarah\\Desktop\\NAILFLOW\\src\\errors.js","statementMap":{"0":{"start":{"line":3,"column":4},"end":{"line":3,"column":19}},"1":{"start":{"line":4,"column":4},"end":{"line":4,"column":25}},"2":{"start":{"line":8,"column":0},"end":{"line":8,"column":30}}},"fnMap":{"0":{"name":"(anonymous_0)","decl":{"start":{"line":2,"column":2},"end":{"line":2,"column":3}},"loc":{"start":{"line":2,"column":37},"end":{"line":5,"column":3}},"line":2}},"branchMap":{"0":{"loc":{"start":{"line":2,"column":23},"end":{"line":2,"column":35}},"type":"default-arg","locations":[{"start":{"line":2,"column":32},"end":{"line":2,"column":35}}],"line":2}},"s":{"0":84,"1":84,"2":3},"f":{"0":84},"b":{"0":[45]},"_coverageSchema":"1a1c01bbd47fc00a2c39e90264f33305004495a9","hash":"aa7abfe42b93e1ca248804048da2bb9adb4f9cea"},"C:\\Users\\sarah\\Desktop\\NAILFLOW\\src\\app.js":{"path":"C:\\Users\\sarah\\Desktop\\NAILFLOW\\src\\app.js","statementMap":{"0":{"start":{"line":1,"column":16},"end":{"line":1,"column":34}},"1":{"start":{"line":2,"column":15},"end":{"line":2,"column":32}},"2":{"start":{"line":6,"column":4},"end":{"line":6,"column":33}},"3":{"start":{"line":10,"column":4},"end":{"line":10,"column":24}},"4":{"start":{"line":14,"column":4},"end":{"line":14,"column":21}},"5":{"start":{"line":18,"column":4},"end":{"line":18,"column":23}},"6":{"start":{"line":20,"column":19},"end":{"line":20,"column":42}},"7":{"start":{"line":28,"column":14},"end":{"line":28,"column":23}},"8":{"start":{"line":29,"column":15},"end":{"line":29,"column":47}},"9":{"start":{"line":32,"column":2},"end":{"line":32,"column":30}},"10":{"start":{"line":35,"column":2},"end":{"line":56,"column":4}},"11":{"start":{"line":59,"column":2},"end":{"line":65,"column":5}},"12":{"start":{"line":60,"column":4},"end":{"line":63,"column":6}},"13":{"start":{"line":64,"column":4},"end":{"line":64,"column":11}},"14":{"start":{"line":68,"column":2},"end":{"line":71,"column":5}},"15":{"start":{"line":69,"column":4},"end":{"line":69,"column":41}},"16":{"start":{"line":70,"column":4},"end":{"line":70,"column":11}},"17":{"start":{"line":74,"column":2},"end":{"line":78,"column":4}},"18":{"start":{"line":81,"column":2},"end":{"line":86,"column":5}},"19":{"start":{"line":82,"column":4},"end":{"line":85,"column":7}},"20":{"start":{"line":89,"column":22},"end":{"line":98,"column":4}},"21":{"start":{"line":101,"column":2},"end":{"line":114,"column":4}},"22":{"start":{"line":108,"column":10},"end":{"line":108,"column":42}},"23":{"start":{"line":110,"column":6},"end":{"line":112,"column":8}},"24":{"start":{"line":117,"column":2},"end":{"line":133,"column":4}},"25":{"start":{"line":124,"column":10},"end":{"line":124,"column":42}},"26":{"start":{"line":126,"column":21},"end":{"line":129,"column":7}},"27":{"start":{"line":131,"column":6},"end":{"line":131,"column":35}},"28":{"start":{"line":137,"column":2},"end":{"line":137,"column":37}},"29":{"start":{"line":140,"column":2},"end":{"line":152,"column":5}},"30":{"start":{"line":145,"column":8},"end":{"line":145,"column":16}},"31":{"start":{"line":147,"column":4},"end":{"line":151,"column":7}},"32":{"start":{"line":155,"column":2},"end":{"line":158,"column":5}},"33":{"start":{"line":156,"column":4},"end":{"line":156,"column":38}},"34":{"start":{"line":157,"column":4},"end":{"line":157,"column":24}},"35":{"start":{"line":161,"column":2},"end":{"line":165,"column":5}},"36":{"start":{"line":162,"column":4},"end":{"line":164,"column":6}},"37":{"start":{"line":169,"column":2},"end":{"line":188,"column":4}},"38":{"start":{"line":173,"column":19},"end":{"line":173,"column":47}},"39":{"start":{"line":175,"column":23},"end":{"line":178,"column":7}},"40":{"start":{"line":180,"column":22},"end":{"line":184,"column":7}},"41":{"start":{"line":186,"column":6},"end":{"line":186,"column":36}},"42":{"start":{"line":192,"column":2},"end":{"line":206,"column":4}},"43":{"start":{"line":196,"column":17},"end":{"line":196,"column":45}},"44":{"start":{"line":197,"column":19},"end":{"line":197,"column":47}},"45":{"start":{"line":199,"column":22},"end":{"line":202,"column":7}},"46":{"start":{"line":204,"column":6},"end":{"line":204,"column":24}},"47":{"start":{"line":209,"column":2},"end":{"line":212,"column":5}},"48":{"start":{"line":210,"column":4},"end":{"line":210,"column":67}},"49":{"start":{"line":211,"column":4},"end":{"line":211,"column":24}},"50":{"start":{"line":215,"column":2},"end":{"line":267,"column":4}},"51":{"start":{"line":222,"column":10},"end":{"line":222,"column":18}},"52":{"start":{"line":224,"column":6},"end":{"line":230,"column":7}},"53":{"start":{"line":227,"column":8},"end":{"line":229,"column":10}},"54":{"start":{"line":233,"column":6},"end":{"line":241,"column":7}},"55":{"start":{"line":237,"column":8},"end":{"line":240,"column":10}},"56":{"start":{"line":243,"column":17},"end":{"line":243,"column":45}},"57":{"start":{"line":245,"column":21},"end":{"line":249,"column":7}},"58":{"start":{"line":251,"column":21},"end":{"line":255,"column":7}},"59":{"start":{"line":257,"column":22},"end":{"line":263,"column":7}},"60":{"start":{"line":265,"column":6},"end":{"line":265,"column":36}},"61":{"start":{"line":270,"column":2},"end":{"line":274,"column":5}},"62":{"start":{"line":271,"column":4},"end":{"line":273,"column":6}},"63":{"start":{"line":277,"column":2},"end":{"line":284,"column":4}},"64":{"start":{"line":287,"column":2},"end":{"line":291,"column":5}},"65":{"start":{"line":288,"column":4},"end":{"line":290,"column":7}},"66":{"start":{"line":294,"column":2},"end":{"line":319,"column":5}},"67":{"start":{"line":295,"column":4},"end":{"line":299,"column":5}},"68":{"start":{"line":296,"column":6},"end":{"line":298,"column":9}},"69":{"start":{"line":301,"column":4},"end":{"line":305,"column":5}},"70":{"start":{"line":302,"column":6},"end":{"line":304,"column":9}},"71":{"start":{"line":307,"column":4},"end":{"line":314,"column":5}},"72":{"start":{"line":311,"column":6},"end":{"line":313,"column":9}},"73":{"start":{"line":316,"column":4},"end":{"line":318,"column":7}},"74":{"start":{"line":321,"column":2},"end":{"line":321,"column":13}},"75":{"start":{"line":324,"column":0},"end":{"line":326,"column":2}}},"fnMap":{"0":{"name":"createApp","decl":{"start":{"line":22,"column":9},"end":{"line":22,"column":18}},"loc":{"start":{"line":27,"column":3},"end":{"line":322,"column":1}},"line":27},"1":{"name":"(anonymous_1)","decl":{"start":{"line":59,"column":10},"end":{"line":59,"column":11}},"loc":{"start":{"line":59,"column":30},"end":{"line":65,"column":3}},"line":59},"2":{"name":"(anonymous_2)","decl":{"start":{"line":68,"column":18},"end":{"line":68,"column":19}},"loc":{"start":{"line":68,"column":38},"end":{"line":71,"column":3}},"line":68},"3":{"name":"(anonymous_3)","decl":{"start":{"line":81,"column":25},"end":{"line":81,"column":26}},"loc":{"start":{"line":81,"column":39},"end":{"line":86,"column":3}},"line":81},"4":{"name":"(anonymous_4)","decl":{"start":{"line":104,"column":4},"end":{"line":104,"column":5}},"loc":{"start":{"line":104,"column":18},"end":{"line":113,"column":5}},"line":104},"5":{"name":"(anonymous_5)","decl":{"start":{"line":120,"column":4},"end":{"line":120,"column":5}},"loc":{"start":{"line":120,"column":18},"end":{"line":132,"column":5}},"line":120},"6":{"name":"(anonymous_6)","decl":{"start":{"line":140,"column":21},"end":{"line":140,"column":22}},"loc":{"start":{"line":140,"column":35},"end":{"line":152,"column":3}},"line":140},"7":{"name":"(anonymous_7)","decl":{"start":{"line":155,"column":26},"end":{"line":155,"column":27}},"loc":{"start":{"line":155,"column":40},"end":{"line":158,"column":3}},"line":155},"8":{"name":"(anonymous_8)","decl":{"start":{"line":161,"column":27},"end":{"line":161,"column":28}},"loc":{"start":{"line":161,"column":41},"end":{"line":165,"column":3}},"line":161},"9":{"name":"(anonymous_9)","decl":{"start":{"line":172,"column":4},"end":{"line":172,"column":5}},"loc":{"start":{"line":172,"column":18},"end":{"line":187,"column":5}},"line":172},"10":{"name":"(anonymous_10)","decl":{"start":{"line":195,"column":4},"end":{"line":195,"column":5}},"loc":{"start":{"line":195,"column":18},"end":{"line":205,"column":5}},"line":195},"11":{"name":"(anonymous_11)","decl":{"start":{"line":209,"column":54},"end":{"line":209,"column":55}},"loc":{"start":{"line":209,"column":68},"end":{"line":212,"column":3}},"line":209},"12":{"name":"(anonymous_12)","decl":{"start":{"line":217,"column":4},"end":{"line":217,"column":5}},"loc":{"start":{"line":217,"column":18},"end":{"line":266,"column":5}},"line":217},"13":{"name":"(anonymous_13)","decl":{"start":{"line":270,"column":28},"end":{"line":270,"column":29}},"loc":{"start":{"line":270,"column":42},"end":{"line":274,"column":3}},"line":270},"14":{"name":"(anonymous_14)","decl":{"start":{"line":287,"column":10},"end":{"line":287,"column":11}},"loc":{"start":{"line":287,"column":24},"end":{"line":291,"column":3}},"line":287},"15":{"name":"(anonymous_15)","decl":{"start":{"line":294,"column":10},"end":{"line":294,"column":11}},"loc":{"start":{"line":294,"column":37},"end":{"line":319,"column":3}},"line":294}},"branchMap":{"0":{"loc":{"start":{"line":26,"column":2},"end":{"line":26,"column":17}},"type":"default-arg","locations":[{"start":{"line":26,"column":15},"end":{"line":26,"column":17}}],"line":26},"1":{"loc":{"start":{"line":224,"column":6},"end":{"line":230,"column":7}},"type":"if","locations":[{"start":{"line":224,"column":6},"end":{"line":230,"column":7}},{"start":{},"end":{}}],"line":224},"2":{"loc":{"start":{"line":233,"column":6},"end":{"line":241,"column":7}},"type":"if","locations":[{"start":{"line":233,"column":6},"end":{"line":241,"column":7}},{"start":{},"end":{}}],"line":233},"3":{"loc":{"start":{"line":234,"column":8},"end":{"line":235,"column":41}},"type":"binary-expr","locations":[{"start":{"line":234,"column":8},"end":{"line":234,"column":26}},{"start":{"line":235,"column":8},"end":{"line":235,"column":41}}],"line":234},"4":{"loc":{"start":{"line":295,"column":4},"end":{"line":299,"column":5}},"type":"if","locations":[{"start":{"line":295,"column":4},"end":{"line":299,"column":5}},{"start":{},"end":{}}],"line":295},"5":{"loc":{"start":{"line":301,"column":4},"end":{"line":305,"column":5}},"type":"if","locations":[{"start":{"line":301,"column":4},"end":{"line":305,"column":5}},{"start":{},"end":{}}],"line":301},"6":{"loc":{"start":{"line":307,"column":4},"end":{"line":314,"column":5}},"type":"if","locations":[{"start":{"line":307,"column":4},"end":{"line":314,"column":5}},{"start":{},"end":{}}],"line":307},"7":{"loc":{"start":{"line":308,"column":6},"end":{"line":309,"column":32}},"type":"binary-expr","locations":[{"start":{"line":308,"column":6},"end":{"line":308,"column":42}},{"start":{"line":309,"column":6},"end":{"line":309,"column":32}}],"line":308}},"s":{"0":2,"1":2,"2":2,"3":2,"4":2,"5":2,"6":2,"7":45,"8":45,"9":45,"10":45,"11":45,"12":157,"13":157,"14":45,"15":153,"16":153,"17":45,"18":45,"19":1,"20":45,"21":45,"22":76,"23":74,"24":45,"25":18,"26":13,"27":11,"28":45,"29":45,"30":2,"31":2,"32":45,"33":1,"34":1,"35":45,"36":4,"37":45,"38":6,"39":3,"40":2,"41":2,"42":45,"43":3,"44":2,"45":2,"46":1,"47":45,"48":2,"49":1,"50":45,"51":19,"52":19,"53":1,"54":18,"55":2,"56":16,"57":16,"58":12,"59":10,"60":3,"61":45,"62":1,"63":45,"64":45,"65":1,"66":45,"67":57,"68":52,"69":5,"70":1,"71":4,"72":1,"73":3,"74":45,"75":2},"f":{"0":45,"1":157,"2":153,"3":1,"4":76,"5":18,"6":2,"7":1,"8":4,"9":6,"10":3,"11":2,"12":19,"13":1,"14":1,"15":57},"b":{"0":[10],"1":[1,18],"2":[2,16],"3":[18,12],"4":[52,5],"5":[1,4],"6":[1,3],"7":[4,3]},"_coverageSchema":"1a1c01bbd47fc00a2c39e90264f33305004495a9","hash":"ec20d660e89f7a30b6be496744ae06520e9650c7"},"C:\\Users\\sarah\\Desktop\\NAILFLOW\\src\\auth.js":{"path":"C:\\Users\\sarah\\Desktop\\NAILFLOW\\src\\auth.js","statementMap":{"0":{"start":{"line":6,"column":4},"end":{"line":6,"column":26}},"1":{"start":{"line":8,"column":12},"end":{"line":8,"column":35}},"2":{"start":{"line":12,"column":4},"end":{"line":12,"column":23}},"3":{"start":{"line":16,"column":15},"end":{"line":16,"column":46}},"4":{"start":{"line":19,"column":15},"end":{"line":19,"column":61}},"5":{"start":{"line":21,"column":2},"end":{"line":21,"column":27}},"6":{"start":{"line":25,"column":23},"end":{"line":25,"column":41}},"7":{"start":{"line":27,"column":17},"end":{"line":27,"column":47}},"8":{"start":{"line":28,"column":19},"end":{"line":28,"column":43}},"9":{"start":{"line":30,"column":2},"end":{"line":33,"column":4}},"10":{"start":{"line":37,"column":2},"end":{"line":41,"column":3}},"11":{"start":{"line":38,"column":4},"end":{"line":40,"column":6}},"12":{"start":{"line":44,"column":20},"end":{"line":46,"column":3}},"13":{"start":{"line":49,"column":17},"end":{"line":49,"column":38}},"14":{"start":{"line":51,"column":18},"end":{"line":54,"column":5}},"15":{"start":{"line":56,"column":4},"end":{"line":61,"column":5}},"16":{"start":{"line":57,"column":6},"end":{"line":60,"column":8}},"17":{"start":{"line":63,"column":22},"end":{"line":63,"column":34}},"18":{"start":{"line":65,"column":4},"end":{"line":69,"column":6}},"19":{"start":{"line":71,"column":18},"end":{"line":83,"column":5}},"20":{"start":{"line":85,"column":4},"end":{"line":92,"column":6}},"21":{"start":{"line":97,"column":25},"end":{"line":97,"column":47}},"22":{"start":{"line":99,"column":4},"end":{"line":102,"column":6}},"23":{"start":{"line":105,"column":4},"end":{"line":105,"column":34}},"24":{"start":{"line":109,"column":4},"end":{"line":188,"column":5}},"25":{"start":{"line":110,"column":21},"end":{"line":110,"column":45}},"26":{"start":{"line":112,"column":6},"end":{"line":117,"column":7}},"27":{"start":{"line":113,"column":8},"end":{"line":116,"column":10}},"28":{"start":{"line":121,"column":6},"end":{"line":136,"column":7}},"29":{"start":{"line":122,"column":8},"end":{"line":130,"column":10}},"30":{"start":{"line":132,"column":8},"end":{"line":135,"column":10}},"31":{"start":{"line":138,"column":6},"end":{"line":147,"column":7}},"32":{"start":{"line":143,"column":8},"end":{"line":146,"column":10}},"33":{"start":{"line":149,"column":22},"end":{"line":149,"column":47}},"34":{"start":{"line":151,"column":6},"end":{"line":159,"column":7}},"35":{"start":{"line":155,"column":8},"end":{"line":158,"column":10}},"36":{"start":{"line":162,"column":8},"end":{"line":162,"column":35}},"37":{"start":{"line":164,"column":6},"end":{"line":171,"column":7}},"38":{"start":{"line":165,"column":8},"end":{"line":165,"column":40}},"39":{"start":{"line":167,"column":8},"end":{"line":170,"column":10}},"40":{"start":{"line":173,"column":6},"end":{"line":176,"column":8}},"41":{"start":{"line":178,"column":6},"end":{"line":183,"column":8}},"42":{"start":{"line":185,"column":6},"end":{"line":185,"column":13}},"43":{"start":{"line":187,"column":6},"end":{"line":187,"column":18}},"44":{"start":{"line":192,"column":4},"end":{"line":199,"column":5}},"45":{"start":{"line":193,"column":6},"end":{"line":198,"column":8}},"46":{"start":{"line":201,"column":4},"end":{"line":201,"column":11}},"47":{"start":{"line":204,"column":2},"end":{"line":209,"column":4}},"48":{"start":{"line":212,"column":0},"end":{"line":216,"column":2}}},"fnMap":{"0":{"name":"hashPassword","decl":{"start":{"line":14,"column":9},"end":{"line":14,"column":21}},"loc":{"start":{"line":14,"column":32},"end":{"line":22,"column":1}},"line":14},"1":{"name":"verifyPassword","decl":{"start":{"line":24,"column":9},"end":{"line":24,"column":23}},"loc":{"start":{"line":24,"column":43},"end":{"line":34,"column":1}},"line":24},"2":{"name":"createAuth","decl":{"start":{"line":36,"column":9},"end":{"line":36,"column":19}},"loc":{"start":{"line":36,"column":53},"end":{"line":210,"column":1}},"line":36},"3":{"name":"login","decl":{"start":{"line":48,"column":11},"end":{"line":48,"column":16}},"loc":{"start":{"line":48,"column":34},"end":{"line":93,"column":3}},"line":48},"4":{"name":"register","decl":{"start":{"line":95,"column":11},"end":{"line":95,"column":19}},"loc":{"start":{"line":95,"column":37},"end":{"line":106,"column":3}},"line":95},"5":{"name":"authenticate","decl":{"start":{"line":108,"column":11},"end":{"line":108,"column":23}},"loc":{"start":{"line":108,"column":40},"end":{"line":189,"column":3}},"line":108},"6":{"name":"administrator","decl":{"start":{"line":191,"column":11},"end":{"line":191,"column":24}},"loc":{"start":{"line":191,"column":41},"end":{"line":202,"column":3}},"line":191}},"branchMap":{"0":{"loc":{"start":{"line":31,"column":4},"end":{"line":32,"column":37}},"type":"binary-expr","locations":[{"start":{"line":31,"column":4},"end":{"line":31,"column":37}},{"start":{"line":32,"column":4},"end":{"line":32,"column":37}}],"line":31},"1":{"loc":{"start":{"line":36,"column":35},"end":{"line":36,"column":51}},"type":"default-arg","locations":[{"start":{"line":36,"column":43},"end":{"line":36,"column":51}}],"line":36},"2":{"loc":{"start":{"line":37,"column":2},"end":{"line":41,"column":3}},"type":"if","locations":[{"start":{"line":37,"column":2},"end":{"line":41,"column":3}},{"start":{},"end":{}}],"line":37},"3":{"loc":{"start":{"line":37,"column":6},"end":{"line":37,"column":54}},"type":"binary-expr","locations":[{"start":{"line":37,"column":6},"end":{"line":37,"column":32}},{"start":{"line":37,"column":36},"end":{"line":37,"column":54}}],"line":37},"4":{"loc":{"start":{"line":53,"column":6},"end":{"line":53,"column":43}},"type":"cond-expr","locations":[{"start":{"line":53,"column":13},"end":{"line":53,"column":31}},{"start":{"line":53,"column":34},"end":{"line":53,"column":43}}],"line":53},"5":{"loc":{"start":{"line":56,"column":4},"end":{"line":61,"column":5}},"type":"if","locations":[{"start":{"line":56,"column":4},"end":{"line":61,"column":5}},{"start":{},"end":{}}],"line":56},"6":{"loc":{"start":{"line":56,"column":8},"end":{"line":56,"column":23}},"type":"binary-expr","locations":[{"start":{"line":56,"column":8},"end":{"line":56,"column":13}},{"start":{"line":56,"column":17},"end":{"line":56,"column":23}}],"line":56},"7":{"loc":{"start":{"line":112,"column":6},"end":{"line":117,"column":7}},"type":"if","locations":[{"start":{"line":112,"column":6},"end":{"line":117,"column":7}},{"start":{},"end":{}}],"line":112},"8":{"loc":{"start":{"line":112,"column":10},"end":{"line":112,"column":50}},"type":"binary-expr","locations":[{"start":{"line":112,"column":10},"end":{"line":112,"column":17}},{"start":{"line":112,"column":21},"end":{"line":112,"column":50}}],"line":112},"9":{"loc":{"start":{"line":138,"column":6},"end":{"line":147,"column":7}},"type":"if","locations":[{"start":{"line":138,"column":6},"end":{"line":147,"column":7}},{"start":{},"end":{}}],"line":138},"10":{"loc":{"start":{"line":139,"column":8},"end":{"line":141,"column":38}},"type":"binary-expr","locations":[{"start":{"line":139,"column":8},"end":{"line":139,"column":34}},{"start":{"line":140,"column":8},"end":{"line":140,"column":38}},{"start":{"line":141,"column":8},"end":{"line":141,"column":38}}],"line":139},"11":{"loc":{"start":{"line":151,"column":6},"end":{"line":159,"column":7}},"type":"if","locations":[{"start":{"line":151,"column":6},"end":{"line":159,"column":7}},{"start":{},"end":{}}],"line":151},"12":{"loc":{"start":{"line":152,"column":8},"end":{"line":153,"column":46}},"type":"binary-expr","locations":[{"start":{"line":152,"column":8},"end":{"line":152,"column":16}},{"start":{"line":153,"column":8},"end":{"line":153,"column":46}}],"line":152},"13":{"loc":{"start":{"line":164,"column":6},"end":{"line":171,"column":7}},"type":"if","locations":[{"start":{"line":164,"column":6},"end":{"line":171,"column":7}},{"start":{},"end":{}}],"line":164},"14":{"loc":{"start":{"line":192,"column":4},"end":{"line":199,"column":5}},"type":"if","locations":[{"start":{"line":192,"column":4},"end":{"line":199,"column":5}},{"start":{},"end":{}}],"line":192}},"s":{"0":3,"1":3,"2":3,"3":118,"4":118,"5":118,"6":89,"7":89,"8":89,"9":89,"10":48,"11":3,"12":45,"13":85,"14":85,"15":85,"16":6,"17":79,"18":79,"19":79,"20":79,"21":13,"22":13,"23":11,"24":54,"25":54,"26":54,"27":4,"28":50,"29":50,"30":3,"31":47,"32":1,"33":46,"34":46,"35":3,"36":43,"37":43,"38":1,"39":1,"40":42,"41":42,"42":42,"43":12,"44":15,"45":4,"46":11,"47":45,"48":3},"f":{"0":118,"1":89,"2":48,"3":85,"4":13,"5":54,"6":15},"b":{"0":[89,88],"1":[25],"2":[3,45],"3":[48,46],"4":[81,4],"5":[6,79],"6":[85,81],"7":[4,50],"8":[54,51],"9":[1,46],"10":[47,47,46],"11":[3,43],"12":[46,44],"13":[1,42],"14":[4,11]},"_coverageSchema":"1a1c01bbd47fc00a2c39e90264f33305004495a9","hash":"590f92777340a8441aa012edaeb9c985469bcc6b"},"C:\\Users\\sarah\\Desktop\\NAILFLOW\\src\\validation.js":{"path":"C:\\Users\\sarah\\Desktop\\NAILFLOW\\src\\validation.js","statementMap":{"0":{"start":{"line":4,"column":4},"end":{"line":4,"column":23}},"1":{"start":{"line":7,"column":2},"end":{"line":9,"column":3}},"2":{"start":{"line":8,"column":4},"end":{"line":8,"column":49}},"3":{"start":{"line":11,"column":16},"end":{"line":11,"column":28}},"4":{"start":{"line":14,"column":2},"end":{"line":16,"column":3}},"5":{"start":{"line":15,"column":4},"end":{"line":15,"column":49}},"6":{"start":{"line":19,"column":2},"end":{"line":21,"column":3}},"7":{"start":{"line":20,"column":4},"end":{"line":20,"column":49}},"8":{"start":{"line":23,"column":2},"end":{"line":23,"column":15}},"9":{"start":{"line":27,"column":2},"end":{"line":35,"column":3}},"10":{"start":{"line":32,"column":4},"end":{"line":34,"column":6}},"11":{"start":{"line":37,"column":2},"end":{"line":37,"column":15}},"12":{"start":{"line":41,"column":2},"end":{"line":43,"column":3}},"13":{"start":{"line":42,"column":4},"end":{"line":42,"column":51}},"14":{"start":{"line":45,"column":2},"end":{"line":45,"column":52}},"15":{"start":{"line":49,"column":2},"end":{"line":53,"column":4}},"16":{"start":{"line":57,"column":16},"end":{"line":57,"column":26}},"17":{"start":{"line":58,"column":19},"end":{"line":58,"column":32}},"18":{"start":{"line":61,"column":2},"end":{"line":67,"column":3}},"19":{"start":{"line":66,"column":4},"end":{"line":66,"column":58}},"20":{"start":{"line":69,"column":2},"end":{"line":75,"column":3}},"21":{"start":{"line":74,"column":4},"end":{"line":74,"column":58}},"22":{"start":{"line":77,"column":2},"end":{"line":80,"column":4}},"23":{"start":{"line":83,"column":0},"end":{"line":89,"column":2}}},"fnMap":{"0":{"name":"text","decl":{"start":{"line":6,"column":9},"end":{"line":6,"column":13}},"loc":{"start":{"line":6,"column":38},"end":{"line":24,"column":1}},"line":6},"1":{"name":"integer","decl":{"start":{"line":26,"column":9},"end":{"line":26,"column":16}},"loc":{"start":{"line":26,"column":40},"end":{"line":38,"column":1}},"line":26},"2":{"name":"id","decl":{"start":{"line":40,"column":9},"end":{"line":40,"column":11}},"loc":{"start":{"line":40,"column":19},"end":{"line":46,"column":1}},"line":40},"3":{"name":"product","decl":{"start":{"line":48,"column":9},"end":{"line":48,"column":16}},"loc":{"start":{"line":48,"column":23},"end":{"line":54,"column":1}},"line":48},"4":{"name":"credentials","decl":{"start":{"line":56,"column":9},"end":{"line":56,"column":20}},"loc":{"start":{"line":56,"column":27},"end":{"line":81,"column":1}},"line":56}},"branchMap":{"0":{"loc":{"start":{"line":6,"column":28},"end":{"line":6,"column":36}},"type":"default-arg","locations":[{"start":{"line":6,"column":34},"end":{"line":6,"column":36}}],"line":6},"1":{"loc":{"start":{"line":7,"column":2},"end":{"line":9,"column":3}},"type":"if","locations":[{"start":{"line":7,"column":2},"end":{"line":9,"column":3}},{"start":{},"end":{}}],"line":7},"2":{"loc":{"start":{"line":14,"column":2},"end":{"line":16,"column":3}},"type":"if","locations":[{"start":{"line":14,"column":2},"end":{"line":16,"column":3}},{"start":{},"end":{}}],"line":14},"3":{"loc":{"start":{"line":14,"column":6},"end":{"line":14,"column":46}},"type":"binary-expr","locations":[{"start":{"line":14,"column":6},"end":{"line":14,"column":24}},{"start":{"line":14,"column":28},"end":{"line":14,"column":46}}],"line":14},"4":{"loc":{"start":{"line":19,"column":2},"end":{"line":21,"column":3}},"type":"if","locations":[{"start":{"line":19,"column":2},"end":{"line":21,"column":3}},{"start":{},"end":{}}],"line":19},"5":{"loc":{"start":{"line":26,"column":31},"end":{"line":26,"column":38}},"type":"default-arg","locations":[{"start":{"line":26,"column":37},"end":{"line":26,"column":38}}],"line":26},"6":{"loc":{"start":{"line":27,"column":2},"end":{"line":35,"column":3}},"type":"if","locations":[{"start":{"line":27,"column":2},"end":{"line":35,"column":3}},{"start":{},"end":{}}],"line":27},"7":{"loc":{"start":{"line":28,"column":4},"end":{"line":30,"column":19}},"type":"binary-expr","locations":[{"start":{"line":28,"column":4},"end":{"line":28,"column":32}},{"start":{"line":29,"column":4},"end":{"line":29,"column":15}},{"start":{"line":30,"column":4},"end":{"line":30,"column":19}}],"line":28},"8":{"loc":{"start":{"line":41,"column":2},"end":{"line":43,"column":3}},"type":"if","locations":[{"start":{"line":41,"column":2},"end":{"line":43,"column":3}},{"start":{},"end":{}}],"line":41},"9":{"loc":{"start":{"line":61,"column":2},"end":{"line":67,"column":3}},"type":"if","locations":[{"start":{"line":61,"column":2},"end":{"line":67,"column":3}},{"start":{},"end":{}}],"line":61},"10":{"loc":{"start":{"line":62,"column":4},"end":{"line":64,"column":51}},"type":"binary-expr","locations":[{"start":{"line":62,"column":4},"end":{"line":62,"column":29}},{"start":{"line":63,"column":4},"end":{"line":63,"column":22}},{"start":{"line":64,"column":4},"end":{"line":64,"column":51}}],"line":62},"11":{"loc":{"start":{"line":69,"column":2},"end":{"line":75,"column":3}},"type":"if","locations":[{"start":{"line":69,"column":2},"end":{"line":75,"column":3}},{"start":{},"end":{}}],"line":69},"12":{"loc":{"start":{"line":70,"column":4},"end":{"line":72,"column":25}},"type":"binary-expr","locations":[{"start":{"line":70,"column":4},"end":{"line":70,"column":32}},{"start":{"line":71,"column":4},"end":{"line":71,"column":25}},{"start":{"line":72,"column":4},"end":{"line":72,"column":25}}],"line":70}},"s":{"0":3,"1":36,"2":2,"3":34,"4":34,"5":5,"6":29,"7":3,"8":26,"9":57,"10":14,"11":43,"12":28,"13":6,"14":22,"15":9,"16":102,"17":102,"18":102,"19":9,"20":93,"21":4,"22":89,"23":3},"f":{"0":36,"1":57,"2":28,"3":9,"4":102},"b":{"0":[16],"1":[2,34],"2":[5,29],"3":[34,30],"4":[3,26],"5":[18],"6":[14,43],"7":[57,51,45],"8":[6,22],"9":[9,93],"10":[102,97,96],"11":[4,89],"12":[93,92,90]},"_coverageSchema":"1a1c01bbd47fc00a2c39e90264f33305004495a9","hash":"66a6f1b5eaab658b6c2b774b973ec2e91e693b2d"}}}
