{"numFailedTestSuites":0,"numFailedTests":0,"numPassedTestSuites":2,"numPassedTests":73,"numPendingTestSuites":0,"numPendingTests":0,"numRuntimeErrorTestSuites":0,"numTodoTests":0,"numTotalTestSuites":2,"numTotalTests":73,"openHandles":[],"snapshot":{"added":0,"didUpdate":false,"failure":false,"filesAdded":0,"filesRemoved":0,"filesRemovedList":[],"filesUnmatched":0,"filesUpdated":0,"matched":0,"total":0,"unchecked":0,"uncheckedKeysByFile":[],"unmatched":0,"updated":0},"startTime":1789936002104,"success":true,"testResults":[{"assertionResults":[{"ancestorTitles":["Registro de cuentas desde una base vacía"],"duration":262,"failing":false,"failureDetails":[],"failureMessages":[],"fullName":"Registro de cuentas desde una base vacía arranca sin cuentas ni materiales","invocations":1,"location":null,"numPassingAsserts":3,"retryMessages":[],"retryReasons":[],"status":"passed","title":"arranca sin cuentas ni materiales","startAt":1789936012197},{"ancestorTitles":["Registro de cuentas desde una base vacía"],"duration":105,"failing":false,"failureDetails":[],"failureMessages":[],"fullName":"Registro de cuentas desde una base vacía la primera cuenta recibe administración sin revelar el hash","invocations":1,"location":null,"numPassingAsserts":7,"retryMessages":[],"retryReasons":[],"status":"passed","title":"la primera cuenta recibe administración sin revelar el hash","startAt":1789936012460},{"ancestorTitles":["Registro de cuentas desde una base vacía"],"duration":200,"failing":false,"failureDetails":[],"failureMessages":[],"fullName":"Registro de cuentas desde una base vacía los siguientes registros no pueden elegir administración","invocations":1,"location":null,"numPassingAsserts":5,"retryMessages":[],"retryReasons":[],"status":"passed","title":"los siguientes registros no pueden elegir administración","startAt":1789936012565},{"ancestorTitles":["Registro de cuentas desde una base vacía"],"duration":160,"failing":false,"failureDetails":[],"failureMessages":[],"fullName":"Registro de cuentas desde una base vacía dos registros simultáneos solo crean una administradora","invocations":1,"location":null,"numPassingAsserts":2,"retryMessages":[],"retryReasons":[],"status":"passed","title":"dos registros simultáneos solo crean una administradora","startAt":1789936012765},{"ancestorTitles":["Registro de cuentas desde una base vacía"],"duration":229,"failing":false,"failureDetails":[],"failureMessages":[],"fullName":"Registro de cuentas desde una base vacía rechaza duplicados sin cambiar contraseña ni rol","invocations":1,"location":null,"numPassingAsserts":5,"retryMessages":[],"retryReasons":[],"status":"passed","title":"rechaza duplicados sin cambiar contraseña ni rol","startAt":1789936012925},{"ancestorTitles":["Registro de cuentas desde una base vacía"],"duration":98,"failing":false,"failureDetails":[],"failureMessages":[],"fullName":"Registro de cuentas desde una base vacía un registro inválido no ocupa la primera cuenta {}","invocations":1,"location":null,"numPassingAsserts":3,"retryMessages":[],"retryReasons":[],"status":"passed","title":"un registro inválido no ocupa la primera cuenta {}","startAt":1789936013155},{"ancestorTitles":["Registro de cuentas desde una base vacía"],"duration":100,"failing":false,"failureDetails":[],"failureMessages":[],"fullName":"Registro de cuentas desde una base vacía un registro inválido no ocupa la primera cuenta {\"email\": \"<script>alert(1)</script>\", \"password\": \"Registro2026!\"}","invocations":1,"location":null,"numPassingAsserts":3,"retryMessages":[],"retryReasons":[],"status":"passed","title":"un registro inválido no ocupa la primera cuenta {\"email\": \"<script>alert(1)</script>\", \"password\": \"Registro2026!\"}","startAt":1789936013254},{"ancestorTitles":["Registro de cuentas desde una base vacía"],"duration":98,"failing":false,"failureDetails":[],"failureMessages":[],"fullName":"Registro de cuentas desde una base vacía un registro inválido no ocupa la primera cuenta {\"email\": \"PRIMERA@REGISTRO.TEST\", \"password\": \"\"}","invocations":1,"location":null,"numPassingAsserts":3,"retryMessages":[],"retryReasons":[],"status":"passed","title":"un registro inválido no ocupa la primera cuenta {\"email\": \"PRIMERA@REGISTRO.TEST\", \"password\": \"\"}","startAt":1789936013354},{"ancestorTitles":["Registro de cuentas desde una base vacía"],"duration":72,"failing":false,"failureDetails":[],"failureMessages":[],"fullName":"Registro de cuentas desde una base vacía limita intentos de registro repetidos","invocations":1,"location":null,"numPassingAsserts":2,"retryMessages":[],"retryReasons":[],"status":"passed","title":"limita intentos de registro repetidos","startAt":1789936013452},{"ancestorTitles":["Registro de cuentas desde una base vacía"],"duration":129,"failing":false,"failureDetails":[],"failureMessages":[],"fullName":"Registro de cuentas desde una base vacía un error de almacenamiento no deja una cuenta parcial","invocations":1,"location":null,"numPassingAsserts":3,"retryMessages":[],"retryReasons":[],"status":"passed","title":"un error de almacenamiento no deja una cuenta parcial","startAt":1789936013525},{"ancestorTitles":["Integración de API y controles de seguridad"],"duration":172,"failing":false,"failureDetails":[],"failureMessages":[],"fullName":"Integración de API y controles de seguridad salud y página principal disponibles sin sesión","invocations":1,"location":null,"numPassingAsserts":7,"retryMessages":[],"retryReasons":[],"status":"passed","title":"salud y página principal disponibles sin sesión","startAt":1789936013654},{"ancestorTitles":["Integración de API y controles de seguridad"],"duration":160,"failing":false,"failureDetails":[],"failureMessages":[],"fullName":"Integración de API y controles de seguridad consulta identidad sin exponer contraseña o hash","invocations":1,"location":null,"numPassingAsserts":3,"retryMessages":[],"retryReasons":[],"status":"passed","title":"consulta identidad sin exponer contraseña o hash","startAt":1789936013826},{"ancestorTitles":["Integración de API y controles de seguridad"],"duration":160,"failing":false,"failureDetails":[],"failureMessages":[],"fullName":"Integración de API y controles de seguridad bloquea autenticación inválida null","invocations":1,"location":null,"numPassingAsserts":1,"retryMessages":[],"retryReasons":[],"status":"passed","title":"bloquea autenticación inválida null","startAt":1789936013986},{"ancestorTitles":["Integración de API y controles de seguridad"],"duration":166,"failing":false,"failureDetails":[],"failureMessages":[],"fullName":"Integración de API y controles de seguridad bloquea autenticación inválida \"Basic abc\"","invocations":1,"location":null,"numPassingAsserts":1,"retryMessages":[],"retryReasons":[],"status":"passed","title":"bloquea autenticación inválida \"Basic abc\"","startAt":1789936014147},{"ancestorTitles":["Integración de API y controles de seguridad"],"duration":166,"failing":false,"failureDetails":[],"failureMessages":[],"fullName":"Integración de API y controles de seguridad bloquea autenticación inválida \"Bearer inválido\"","invocations":1,"location":null,"numPassingAsserts":1,"retryMessages":[],"retryReasons":[],"status":"passed","title":"bloquea autenticación inválida \"Bearer inválido\"","startAt":1789936014314},{"ancestorTitles":["Integración de API y controles de seguridad"],"duration":195,"failing":false,"failureDetails":[],"failureMessages":[],"fullName":"Integración de API y controles de seguridad no acepta contraseña incorrecta \"ExampleIncorrect2026!\"","invocations":1,"location":null,"numPassingAsserts":1,"retryMessages":[],"retryReasons":[],"status":"passed","title":"no acepta contraseña incorrecta \"ExampleIncorrect2026!\"","startAt":1789936014481},{"ancestorTitles":["Integración de API y controles de seguridad"],"duration":202,"failing":false,"failureDetails":[],"failureMessages":[],"fullName":"Integración de API y controles de seguridad no acepta contraseña incorrecta \"ExampleUser2026!\"","invocations":1,"location":null,"numPassingAsserts":1,"retryMessages":[],"retryReasons":[],"status":"passed","title":"no acepta contraseña incorrecta \"ExampleUser2026!\"","startAt":1789936014676},{"ancestorTitles":["Integración de API y controles de seguridad"],"duration":203,"failing":false,"failureDetails":[],"failureMessages":[],"fullName":"Integración de API y controles de seguridad correo inexistente recibe el mismo error","invocations":1,"location":null,"numPassingAsserts":1,"retryMessages":[],"retryReasons":[],"status":"passed","title":"correo inexistente recibe el mismo error","startAt":1789936014878},{"ancestorTitles":["Integración de API y controles de seguridad"],"duration":163,"failing":false,"failureDetails":[],"failureMessages":[],"fullName":"Integración de API y controles de seguridad usuario no puede crear ni editar materiales","invocations":1,"location":null,"numPassingAsserts":2,"retryMessages":[],"retryReasons":[],"status":"passed","title":"usuario no puede crear ni editar materiales","startAt":1789936015081},{"ancestorTitles":["Integración de API y controles de seguridad"],"duration":171,"failing":false,"failureDetails":[],"failureMessages":[],"fullName":"Integración de API y controles de seguridad flujo de alta, consumo, alerta, entrada, edición y bitácora","invocations":1,"location":null,"numPassingAsserts":8,"retryMessages":[],"retryReasons":[],"status":"passed","title":"flujo de alta, consumo, alerta, entrada, edición y bitácora","startAt":1789936015244},{"ancestorTitles":["Integración de API y controles de seguridad"],"duration":165,"failing":false,"failureDetails":[],"failureMessages":[],"fullName":"Integración de API y controles de seguridad rechaza altas inválidas {\"minimum\": 3, \"name\": \"Esmalte rosa\", \"quantity\": -1, \"unit\": \"frascos\"}","invocations":1,"location":null,"numPassingAsserts":1,"retryMessages":[],"retryReasons":[],"status":"passed","title":"rechaza altas inválidas {\"minimum\": 3, \"name\": \"Esmalte rosa\", \"quantity\": -1, \"unit\": \"frascos\"}","startAt":1789936015416},{"ancestorTitles":["Integración de API y controles de seguridad"],"duration":164,"failing":false,"failureDetails":[],"failureMessages":[],"fullName":"Integración de API y controles de seguridad rechaza altas inválidas {\"minimum\": 1.5, \"name\": \"Esmalte rosa\", \"quantity\": 10, \"unit\": \"frascos\"}","invocations":1,"location":null,"numPassingAsserts":1,"retryMessages":[],"retryReasons":[],"status":"passed","title":"rechaza altas inválidas {\"minimum\": 1.5, \"name\": \"Esmalte rosa\", \"quantity\": 10, \"unit\": \"frascos\"}","startAt":1789936015581},{"ancestorTitles":["Integración de API y controles de seguridad"],"duration":167,"failing":false,"failureDetails":[],"failureMessages":[],"fullName":"Integración de API y controles de seguridad rechaza altas inválidas {\"minimum\": 3, \"name\": \"<script>alert(1)</script>\", \"quantity\": 10, \"unit\": \"frascos\"}","invocations":1,"location":null,"numPassingAsserts":1,"retryMessages":[],"retryReasons":[],"status":"passed","title":"rechaza altas inválidas {\"minimum\": 3, \"name\": \"<script>alert(1)</script>\", \"quantity\": 10, \"unit\": \"frascos\"}","startAt":1789936015745},{"ancestorTitles":["Integración de API y controles de seguridad"],"duration":164,"failing":false,"failureDetails":[],"failureMessages":[],"fullName":"Integración de API y controles de seguridad rechaza altas inválidas {\"minimum\": 3, \"name\": \"Esmalte rosa\", \"quantity\": 10, \"unit\": \"\"}","invocations":1,"location":null,"numPassingAsserts":1,"retryMessages":[],"retryReasons":[],"status":"passed","title":"rechaza altas inválidas {\"minimum\": 3, \"name\": \"Esmalte rosa\", \"quantity\": 10, \"unit\": \"\"}","startAt":1789936015912},{"ancestorTitles":["Integración de API y controles de seguridad"],"duration":175,"failing":false,"failureDetails":[],"failureMessages":[],"fullName":"Integración de API y controles de seguridad consumos inválidos no modifican existencias","invocations":1,"location":null,"numPassingAsserts":7,"retryMessages":[],"retryReasons":[],"status":"passed","title":"consumos inválidos no modifican existencias","startAt":1789936016077},{"ancestorTitles":["Integración de API y controles de seguridad"],"duration":167,"failing":false,"failureDetails":[],"failureMessages":[],"fullName":"Integración de API y controles de seguridad inyección SQL e identificadores manipulados no son aceptados","invocations":1,"location":null,"numPassingAsserts":3,"retryMessages":[],"retryReasons":[],"status":"passed","title":"inyección SQL e identificadores manipulados no son aceptados","startAt":1789936016253},{"ancestorTitles":["Integración de API y controles de seguridad"],"duration":173,"failing":false,"failureDetails":[],"failureMessages":[],"fullName":"Integración de API y controles de seguridad sesión expira por inactividad y se revoca","invocations":1,"location":null,"numPassingAsserts":2,"retryMessages":[],"retryReasons":[],"status":"passed","title":"sesión expira por inactividad y se revoca","startAt":1789936016420},{"ancestorTitles":["Integración de API y controles de seguridad"],"duration":168,"failing":false,"failureDetails":[],"failureMessages":[],"fullName":"Integración de API y controles de seguridad actividad antes del límite prolonga la sesión","invocations":1,"location":null,"numPassingAsserts":2,"retryMessages":[],"retryReasons":[],"status":"passed","title":"actividad antes del límite prolonga la sesión","startAt":1789936016594},{"ancestorTitles":["Integración de API y controles de seguridad"],"duration":165,"failing":false,"failureDetails":[],"failureMessages":[],"fullName":"Integración de API y controles de seguridad cerrar sesión impide reutilizar el token","invocations":1,"location":null,"numPassingAsserts":2,"retryMessages":[],"retryReasons":[],"status":"passed","title":"cerrar sesión impide reutilizar el token","startAt":1789936016762},{"ancestorTitles":["Integración de API y controles de seguridad"],"duration":169,"failing":false,"failureDetails":[],"failureMessages":[],"fullName":"Integración de API y controles de seguridad tokens incorrectos o vencidos fallan","invocations":1,"location":null,"numPassingAsserts":4,"retryMessages":[],"retryReasons":[],"status":"passed","title":"tokens incorrectos o vencidos fallan","startAt":1789936016927},{"ancestorTitles":["Integración de API y controles de seguridad"],"duration":316,"failing":false,"failureDetails":[],"failureMessages":[],"fullName":"Integración de API y controles de seguridad limita intentos repetidos de inicio de sesión","invocations":1,"location":null,"numPassingAsserts":1,"retryMessages":[],"retryReasons":[],"status":"passed","title":"limita intentos repetidos de inicio de sesión","startAt":1789936017097},{"ancestorTitles":["Integración de API y controles de seguridad"],"duration":175,"failing":false,"failureDetails":[],"failureMessages":[],"fullName":"Integración de API y controles de seguridad rechaza JSON mal formado y solicitudes grandes","invocations":1,"location":null,"numPassingAsserts":3,"retryMessages":[],"retryReasons":[],"status":"passed","title":"rechaza JSON mal formado y solicitudes grandes","startAt":1789936017414},{"ancestorTitles":["Integración de API y controles de seguridad"],"duration":163,"failing":false,"failureDetails":[],"failureMessages":[],"fullName":"Integración de API y controles de seguridad oculta los detalles de errores internos","invocations":1,"location":null,"numPassingAsserts":2,"retryMessages":[],"retryReasons":[],"status":"passed","title":"oculta los detalles de errores internos","startAt":1789936017589}],"endTime":1789936017754,"message":"","name":"C:\\Users\\sarah\\Desktop\\NAILFLOW\\tests\\api.test.js","startTime":1789936004677,"status":"passed","summary":""},{"assertionResults":[{"ancestorTitles":["Validaciones unitarias"],"duration":1,"failing":false,"failureDetails":[],"failureMessages":[],"fullName":"Validaciones unitarias normaliza un nombre y un correo válidos","invocations":1,"location":null,"numPassingAsserts":4,"retryMessages":[],"retryReasons":[],"status":"passed","title":"normaliza un nombre y un correo válidos","startAt":1789936017831},{"ancestorTitles":["Validaciones unitarias"],"duration":3,"failing":false,"failureDetails":[],"failureMessages":[],"fullName":"Validaciones unitarias rechaza texto inválido null","invocations":1,"location":null,"numPassingAsserts":1,"retryMessages":[],"retryReasons":[],"status":"passed","title":"rechaza texto inválido null","startAt":1789936017833},{"ancestorTitles":["Validaciones unitarias"],"duration":0,"failing":false,"failureDetails":[],"failureMessages":[],"fullName":"Validaciones unitarias rechaza texto inválido 12","invocations":1,"location":null,"numPassingAsserts":1,"retryMessages":[],"retryReasons":[],"status":"passed","title":"rechaza texto inválido 12","startAt":1789936017837},{"ancestorTitles":["Validaciones unitarias"],"duration":1,"failing":false,"failureDetails":[],"failureMessages":[],"fullName":"Validaciones unitarias rechaza texto inválido \"\"","invocations":1,"location":null,"numPassingAsserts":1,"retryMessages":[],"retryReasons":[],"status":"passed","title":"rechaza texto inválido \"\"","startAt":1789936017837},{"ancestorTitles":["Validaciones unitarias"],"duration":0,"failing":false,"failureDetails":[],"failureMessages":[],"fullName":"Validaciones unitarias rechaza texto inválido \" \"","invocations":1,"location":null,"numPassingAsserts":1,"retryMessages":[],"retryReasons":[],"status":"passed","title":"rechaza texto inválido \" \"","startAt":1789936017838},{"ancestorTitles":["Validaciones unitarias"],"duration":0,"failing":false,"failureDetails":[],"failureMessages":[],"fullName":"Validaciones unitarias rechaza texto inválido \"<script>alert(1)</script>\"","invocations":1,"location":null,"numPassingAsserts":1,"retryMessages":[],"retryReasons":[],"status":"passed","title":"rechaza texto inválido \"<script>alert(1)</script>\"","startAt":1789936017839},{"ancestorTitles":["Validaciones unitarias"],"duration":0,"failing":false,"failureDetails":[],"failureMessages":[],"fullName":"Validaciones unitarias rechaza texto inválido \"xxxxxxxxxxxxxxxxxxxxxxxxxxxxxxxxxxxxxxxxxxxxxxxxxxxxxxxxxxxxxxxxxxxxxxxxxxxxxxxxx\"","invocations":1,"location":null,"numPassingAsserts":1,"retryMessages":[],"retryReasons":[],"status":"passed","title":"rechaza texto inválido \"xxxxxxxxxxxxxxxxxxxxxxxxxxxxxxxxxxxxxxxxxxxxxxxxxxxxxxxxxxxxxxxxxxxxxxxxxxxxxxxxx\"","startAt":1789936017839},{"ancestorTitles":["Validaciones unitarias"],"duration":0,"failing":false,"failureDetails":[],"failureMessages":[],"fullName":"Validaciones unitarias rechaza cantidad inválida -1","invocations":1,"location":null,"numPassingAsserts":1,"retryMessages":[],"retryReasons":[],"status":"passed","title":"rechaza cantidad inválida -1","startAt":1789936017840},{"ancestorTitles":["Validaciones unitarias"],"duration":1,"failing":false,"failureDetails":[],"failureMessages":[],"fullName":"Validaciones unitarias rechaza cantidad inválida 1.5","invocations":1,"location":null,"numPassingAsserts":1,"retryMessages":[],"retryReasons":[],"status":"passed","title":"rechaza cantidad inválida 1.5","startAt":1789936017840},{"ancestorTitles":["Validaciones unitarias"],"duration":0,"failing":false,"failureDetails":[],"failureMessages":[],"fullName":"Validaciones unitarias rechaza cantidad inválida \"4\"","invocations":1,"location":null,"numPassingAsserts":1,"retryMessages":[],"retryReasons":[],"status":"passed","title":"rechaza cantidad inválida \"4\"","startAt":1789936017841},{"ancestorTitles":["Validaciones unitarias"],"duration":0,"failing":false,"failureDetails":[],"failureMessages":[],"fullName":"Validaciones unitarias rechaza cantidad inválida null","invocations":1,"location":null,"numPassingAsserts":1,"retryMessages":[],"retryReasons":[],"status":"passed","title":"rechaza cantidad inválida null","startAt":1789936017842},{"ancestorTitles":["Validaciones unitarias"],"duration":0,"failing":false,"failureDetails":[],"failureMessages":[],"fullName":"Validaciones unitarias rechaza cantidad inválida 1000001","invocations":1,"location":null,"numPassingAsserts":1,"retryMessages":[],"retryReasons":[],"status":"passed","title":"rechaza cantidad inválida 1000001","startAt":1789936017842},{"ancestorTitles":["Validaciones unitarias"],"duration":0,"failing":false,"failureDetails":[],"failureMessages":[],"fullName":"Validaciones unitarias rechaza cantidad inválida NaN","invocations":1,"location":null,"numPassingAsserts":1,"retryMessages":[],"retryReasons":[],"status":"passed","title":"rechaza cantidad inválida NaN","startAt":1789936017843},{"ancestorTitles":["Validaciones unitarias"],"duration":1,"failing":false,"failureDetails":[],"failureMessages":[],"fullName":"Validaciones unitarias rechaza identificador inválido \"0\"","invocations":1,"location":null,"numPassingAsserts":1,"retryMessages":[],"retryReasons":[],"status":"passed","title":"rechaza identificador inválido \"0\"","startAt":1789936017843},{"ancestorTitles":["Validaciones unitarias"],"duration":0,"failing":false,"failureDetails":[],"failureMessages":[],"fullName":"Validaciones unitarias rechaza identificador inválido \"-1\"","invocations":1,"location":null,"numPassingAsserts":1,"retryMessages":[],"retryReasons":[],"status":"passed","title":"rechaza identificador inválido \"-1\"","startAt":1789936017844},{"ancestorTitles":["Validaciones unitarias"],"duration":0,"failing":false,"failureDetails":[],"failureMessages":[],"fullName":"Validaciones unitarias rechaza identificador inválido \"1 OR 1=1\"","invocations":1,"location":null,"numPassingAsserts":1,"retryMessages":[],"retryReasons":[],"status":"passed","title":"rechaza identificador inválido \"1 OR 1=1\"","startAt":1789936017845},{"ancestorTitles":["Validaciones unitarias"],"duration":1,"failing":false,"failureDetails":[],"failureMessages":[],"fullName":"Validaciones unitarias rechaza identificador inválido \"1.5\"","invocations":1,"location":null,"numPassingAsserts":1,"retryMessages":[],"retryReasons":[],"status":"passed","title":"rechaza identificador inválido \"1.5\"","startAt":1789936017845},{"ancestorTitles":["Validaciones unitarias"],"duration":0,"failing":false,"failureDetails":[],"failureMessages":[],"fullName":"Validaciones unitarias rechaza identificador inválido \"1000001\"","invocations":1,"location":null,"numPassingAsserts":1,"retryMessages":[],"retryReasons":[],"status":"passed","title":"rechaza identificador inválido \"1000001\"","startAt":1789936017846},{"ancestorTitles":["Validaciones unitarias"],"duration":0,"failing":false,"failureDetails":[],"failureMessages":[],"fullName":"Validaciones unitarias rechaza identificador inválido \"abc\"","invocations":1,"location":null,"numPassingAsserts":1,"retryMessages":[],"retryReasons":[],"status":"passed","title":"rechaza identificador inválido \"abc\"","startAt":1789936017847},{"ancestorTitles":["Validaciones unitarias"],"duration":1,"failing":false,"failureDetails":[],"failureMessages":[],"fullName":"Validaciones unitarias rechaza credenciales inválidas {\"email\": null, \"password\": \"Example2026!\"}","invocations":1,"location":null,"numPassingAsserts":1,"retryMessages":[],"retryReasons":[],"status":"passed","title":"rechaza credenciales inválidas {\"email\": null, \"password\": \"Example2026!\"}","startAt":1789936017847},{"ancestorTitles":["Validaciones unitarias"],"duration":0,"failing":false,"failureDetails":[],"failureMessages":[],"fullName":"Validaciones unitarias rechaza credenciales inválidas {\"email\": \"xxxxxxxxxxxxxxxxxxxxxxxxxxxxxxxxxxxxxxxxxxxxxxxxxxxxxxxxxxxxxxxxxxxxxxxxxxxxxxxxxxxxxxxxxxxxxxxxxxxxxxxxxxxxxxxxxxxxxxxxx\", \"password\": \"Example2026!\"}","invocations":1,"location":null,"numPassingAsserts":1,"retryMessages":[],"retryReasons":[],"status":"passed","title":"rechaza credenciales inválidas {\"email\": \"xxxxxxxxxxxxxxxxxxxxxxxxxxxxxxxxxxxxxxxxxxxxxxxxxxxxxxxxxxxxxxxxxxxxxxxxxxxxxxxxxxxxxxxxxxxxxxxxxxxxxxxxxxxxxxxxxxxxxxxxx\", \"password\": \"Example2026!\"}","startAt":1789936017848},{"ancestorTitles":["Validaciones unitarias"],"duration":1,"failing":false,"failureDetails":[],"failureMessages":[],"fullName":"Validaciones unitarias rechaza credenciales inválidas {\"email\": \"no-es-correo\", \"password\": \"Example2026!\"}","invocations":1,"location":null,"numPassingAsserts":1,"retryMessages":[],"retryReasons":[],"status":"passed","title":"rechaza credenciales inválidas {\"email\": \"no-es-correo\", \"password\": \"Example2026!\"}","startAt":1789936017848},{"ancestorTitles":["Validaciones unitarias"],"duration":0,"failing":false,"failureDetails":[],"failureMessages":[],"fullName":"Validaciones unitarias rechaza credenciales inválidas {\"email\": \"a@b.test\", \"password\": null}","invocations":1,"location":null,"numPassingAsserts":1,"retryMessages":[],"retryReasons":[],"status":"passed","title":"rechaza credenciales inválidas {\"email\": \"a@b.test\", \"password\": null}","startAt":1789936017849},{"ancestorTitles":["Validaciones unitarias"],"duration":0,"failing":false,"failureDetails":[],"failureMessages":[],"fullName":"Validaciones unitarias rechaza credenciales inválidas {\"email\": \"a@b.test\", \"password\": \"\"}","invocations":1,"location":null,"numPassingAsserts":1,"retryMessages":[],"retryReasons":[],"status":"passed","title":"rechaza credenciales inválidas {\"email\": \"a@b.test\", \"password\": \"\"}","startAt":1789936017850},{"ancestorTitles":["Validaciones unitarias"],"duration":1,"failing":false,"failureDetails":[],"failureMessages":[],"fullName":"Validaciones unitarias rechaza credenciales inválidas {\"email\": \"a@b.test\", \"password\": \"xxxxxxxxxxxxxxxxxxxxxxxxxxxxxxxxxxxxxxxxxxxxxxxxxxxxxxxxxxxxxxxxxxxxxxxxxxxxxxxxxxxxxxxxxxxxxxxxxxxxxxxxxxxxxxxxxxxxxxxxxxxxxxxxx\"}","invocations":1,"location":null,"numPassingAsserts":1,"retryMessages":[],"retryReasons":[],"status":"passed","title":"rechaza credenciales inválidas {\"email\": \"a@b.test\", \"password\": \"xxxxxxxxxxxxxxxxxxxxxxxxxxxxxxxxxxxxxxxxxxxxxxxxxxxxxxxxxxxxxxxxxxxxxxxxxxxxxxxxxxxxxxxxxxxxxxxxxxxxxxxxxxxxxxxxxxxxxxxxxxxxxxxxx\"}","startAt":1789936017850},{"ancestorTitles":["Validaciones unitarias"],"duration":0,"failing":false,"failureDetails":[],"failureMessages":[],"fullName":"Validaciones unitarias acepta contraseñas cortas no vacías","invocations":1,"location":null,"numPassingAsserts":1,"retryMessages":[],"retryReasons":[],"status":"passed","title":"acepta contraseñas cortas no vacías","startAt":1789936017851},{"ancestorTitles":["Validaciones unitarias"],"duration":1,"failing":false,"failureDetails":[],"failureMessages":[],"fullName":"Validaciones unitarias acepta límites de cantidades","invocations":1,"location":null,"numPassingAsserts":3,"retryMessages":[],"retryReasons":[],"status":"passed","title":"acepta límites de cantidades","startAt":1789936017851},{"ancestorTitles":["Contraseñas y secretos"],"duration":153,"failing":false,"failureDetails":[],"failureMessages":[],"fullName":"Contraseñas y secretos guarda un hash con sal diferente para la misma contraseña","invocations":1,"location":null,"numPassingAsserts":5,"retryMessages":[],"retryReasons":[],"status":"passed","title":"guarda un hash con sal diferente para la misma contraseña","startAt":1789936017852},{"ancestorTitles":["Contraseñas y secretos"],"duration":2,"failing":false,"failureDetails":[],"failureMessages":[],"fullName":"Contraseñas y secretos rechaza secretos inseguros undefined","invocations":1,"location":null,"numPassingAsserts":1,"retryMessages":[],"retryReasons":[],"status":"passed","title":"rechaza secretos inseguros undefined","startAt":1789936018005},{"ancestorTitles":["Contraseñas y secretos"],"duration":1,"failing":false,"failureDetails":[],"failureMessages":[],"fullName":"Contraseñas y secretos rechaza secretos inseguros 1","invocations":1,"location":null,"numPassingAsserts":1,"retryMessages":[],"retryReasons":[],"status":"passed","title":"rechaza secretos inseguros 1","startAt":1789936018007},{"ancestorTitles":["Contraseñas y secretos"],"duration":0,"failing":false,"failureDetails":[],"failureMessages":[],"fullName":"Contraseñas y secretos rechaza secretos inseguros \"corta\"","invocations":1,"location":null,"numPassingAsserts":1,"retryMessages":[],"retryReasons":[],"status":"passed","title":"rechaza secretos inseguros \"corta\"","startAt":1789936018008},{"ancestorTitles":[],"duration":148,"failing":false,"failureDetails":[],"failureMessages":[],"fullName":"conserva cuentas registradas al reabrir la base y mantiene un solo administrador","invocations":1,"location":null,"numPassingAsserts":4,"retryMessages":[],"retryReasons":[],"status":"passed","title":"conserva cuentas registradas al reabrir la base y mantiene un solo administrador","startAt":1789936018008},{"ancestorTitles":["Reglas unitarias del inventario y persistencia"],"duration":1,"failing":false,"failureDetails":[],"failureMessages":[],"fullName":"Reglas unitarias del inventario y persistencia genera alerta exactamente en el mínimo y debajo de él","invocations":1,"location":null,"numPassingAsserts":3,"retryMessages":[],"retryReasons":[],"status":"passed","title":"genera alerta exactamente en el mínimo y debajo de él","startAt":1789936018156},{"ancestorTitles":["Reglas unitarias del inventario y persistencia"],"duration":2,"failing":false,"failureDetails":[],"failureMessages":[],"fullName":"Reglas unitarias del inventario y persistencia un consumo rechazado conserva el saldo y la bitácora","invocations":1,"location":null,"numPassingAsserts":3,"retryMessages":[],"retryReasons":[],"status":"passed","title":"un consumo rechazado conserva el saldo y la bitácora","startAt":1789936018158},{"ancestorTitles":["Reglas unitarias del inventario y persistencia"],"duration":1,"failing":false,"failureDetails":[],"failureMessages":[],"fullName":"Reglas unitarias del inventario y persistencia dos consumos del último saldo solo permiten uno","invocations":1,"location":null,"numPassingAsserts":2,"retryMessages":[],"retryReasons":[],"status":"passed","title":"dos consumos del último saldo solo permiten uno","startAt":1789936018160},{"ancestorTitles":["Reglas unitarias del inventario y persistencia"],"duration":0,"failing":false,"failureDetails":[],"failureMessages":[],"fullName":"Reglas unitarias del inventario y persistencia acepta entrada y rechaza superar el límite","invocations":1,"location":null,"numPassingAsserts":2,"retryMessages":[],"retryReasons":[],"status":"passed","title":"acepta entrada y rechaza superar el límite","startAt":1789936018162},{"ancestorTitles":["Reglas unitarias del inventario y persistencia"],"duration":1,"failing":false,"failureDetails":[],"failureMessages":[],"fullName":"Reglas unitarias del inventario y persistencia evita duplicados y conserva la transacción","invocations":1,"location":null,"numPassingAsserts":3,"retryMessages":[],"retryReasons":[],"status":"passed","title":"evita duplicados y conserva la transacción","startAt":1789936018163},{"ancestorTitles":["Reglas unitarias del inventario y persistencia"],"duration":1,"failing":false,"failureDetails":[],"failureMessages":[],"fullName":"Reglas unitarias del inventario y persistencia edita metadatos y rechaza un nombre duplicado","invocations":1,"location":null,"numPassingAsserts":3,"retryMessages":[],"retryReasons":[],"status":"passed","title":"edita metadatos y rechaza un nombre duplicado","startAt":1789936018164},{"ancestorTitles":["Reglas unitarias del inventario y persistencia"],"duration":2,"failing":false,"failureDetails":[],"failureMessages":[],"fullName":"Reglas unitarias del inventario y persistencia revierte errores de integridad en movimientos y altas","invocations":1,"location":null,"numPassingAsserts":5,"retryMessages":[],"retryReasons":[],"status":"passed","title":"revierte errores de integridad en movimientos y altas","startAt":1789936018166},{"ancestorTitles":["Reglas unitarias del inventario y persistencia"],"duration":65,"failing":false,"failureDetails":[],"failureMessages":[],"fullName":"Reglas unitarias del inventario y persistencia guarda datos al cerrar y abrir la base de datos","invocations":1,"location":null,"numPassingAsserts":1,"retryMessages":[],"retryReasons":[],"status":"passed","title":"guarda datos al cerrar y abrir la base de datos","startAt":1789936018168}],"endTime":1789936018235,"message":"","name":"C:\\Users\\sarah\\Desktop\\NAILFLOW\\tests\\unit.test.js","startTime":1789936017783,"status":"passed","summary":""}],"wasInterrupted":false,"coverageMap":{"C:\\Users\\sarah\\Desktop\\NAILFLOW\\src\\app.js":{"path":"C:\\Users\\sarah\\Desktop\\NAILFLOW\\src\\app.js","statementMap":{"0":{"start":{"line":1,"column":16},"end":{"line":1,"column":34}},"1":{"start":{"line":2,"column":15},"end":{"line":2,"column":32}},"2":{"start":{"line":6,"column":4},"end":{"line":6,"column":33}},"3":{"start":{"line":10,"column":4},"end":{"line":10,"column":24}},"4":{"start":{"line":14,"column":4},"end":{"line":14,"column":21}},"5":{"start":{"line":18,"column":4},"end":{"line":18,"column":23}},"6":{"start":{"line":20,"column":19},"end":{"line":20,"column":42}},"7":{"start":{"line":28,"column":14},"end":{"line":28,"column":23}},"8":{"start":{"line":29,"column":15},"end":{"line":29,"column":47}},"9":{"start":{"line":32,"column":2},"end":{"line":32,"column":30}},"10":{"start":{"line":35,"column":2},"end":{"line":53,"column":4}},"11":{"start":{"line":56,"column":2},"end":{"line":59,"column":5}},"12":{"start":{"line":57,"column":4},"end":{"line":57,"column":41}},"13":{"start":{"line":58,"column":4},"end":{"line":58,"column":11}},"14":{"start":{"line":62,"column":2},"end":{"line":66,"column":4}},"15":{"start":{"line":69,"column":2},"end":{"line":74,"column":5}},"16":{"start":{"line":70,"column":4},"end":{"line":73,"column":7}},"17":{"start":{"line":77,"column":22},"end":{"line":86,"column":4}},"18":{"start":{"line":89,"column":2},"end":{"line":102,"column":4}},"19":{"start":{"line":96,"column":10},"end":{"line":96,"column":42}},"20":{"start":{"line":98,"column":6},"end":{"line":100,"column":8}},"21":{"start":{"line":105,"column":2},"end":{"line":121,"column":4}},"22":{"start":{"line":112,"column":10},"end":{"line":112,"column":42}},"23":{"start":{"line":114,"column":21},"end":{"line":117,"column":7}},"24":{"start":{"line":119,"column":6},"end":{"line":119,"column":35}},"25":{"start":{"line":125,"column":2},"end":{"line":125,"column":37}},"26":{"start":{"line":128,"column":2},"end":{"line":140,"column":5}},"27":{"start":{"line":133,"column":8},"end":{"line":133,"column":16}},"28":{"start":{"line":135,"column":4},"end":{"line":139,"column":7}},"29":{"start":{"line":143,"column":2},"end":{"line":146,"column":5}},"30":{"start":{"line":144,"column":4},"end":{"line":144,"column":38}},"31":{"start":{"line":145,"column":4},"end":{"line":145,"column":24}},"32":{"start":{"line":149,"column":2},"end":{"line":153,"column":5}},"33":{"start":{"line":150,"column":4},"end":{"line":152,"column":6}},"34":{"start":{"line":157,"column":2},"end":{"line":176,"column":4}},"35":{"start":{"line":161,"column":19},"end":{"line":161,"column":47}},"36":{"start":{"line":163,"column":23},"end":{"line":166,"column":7}},"37":{"start":{"line":168,"column":22},"end":{"line":172,"column":7}},"38":{"start":{"line":174,"column":6},"end":{"line":174,"column":36}},"39":{"start":{"line":180,"column":2},"end":{"line":194,"column":4}},"40":{"start":{"line":184,"column":17},"end":{"line":184,"column":45}},"41":{"start":{"line":185,"column":19},"end":{"line":185,"column":47}},"42":{"start":{"line":187,"column":22},"end":{"line":190,"column":7}},"43":{"start":{"line":192,"column":6},"end":{"line":192,"column":24}},"44":{"start":{"line":197,"column":2},"end":{"line":249,"column":4}},"45":{"start":{"line":204,"column":10},"end":{"line":204,"column":18}},"46":{"start":{"line":206,"column":6},"end":{"line":212,"column":7}},"47":{"start":{"line":209,"column":8},"end":{"line":211,"column":10}},"48":{"start":{"line":215,"column":6},"end":{"line":223,"column":7}},"49":{"start":{"line":219,"column":8},"end":{"line":222,"column":10}},"50":{"start":{"line":225,"column":17},"end":{"line":225,"column":45}},"51":{"start":{"line":227,"column":21},"end":{"line":231,"column":7}},"52":{"start":{"line":233,"column":21},"end":{"line":237,"column":7}},"53":{"start":{"line":239,"column":22},"end":{"line":245,"column":7}},"54":{"start":{"line":247,"column":6},"end":{"line":247,"column":36}},"55":{"start":{"line":252,"column":2},"end":{"line":256,"column":5}},"56":{"start":{"line":253,"column":4},"end":{"line":255,"column":6}},"57":{"start":{"line":259,"column":2},"end":{"line":266,"column":4}},"58":{"start":{"line":269,"column":2},"end":{"line":273,"column":5}},"59":{"start":{"line":270,"column":4},"end":{"line":272,"column":7}},"60":{"start":{"line":276,"column":2},"end":{"line":301,"column":5}},"61":{"start":{"line":277,"column":4},"end":{"line":281,"column":5}},"62":{"start":{"line":278,"column":6},"end":{"line":280,"column":9}},"63":{"start":{"line":283,"column":4},"end":{"line":287,"column":5}},"64":{"start":{"line":284,"column":6},"end":{"line":286,"column":9}},"65":{"start":{"line":289,"column":4},"end":{"line":296,"column":5}},"66":{"start":{"line":293,"column":6},"end":{"line":295,"column":9}},"67":{"start":{"line":298,"column":4},"end":{"line":300,"column":7}},"68":{"start":{"line":303,"column":2},"end":{"line":303,"column":13}},"69":{"start":{"line":306,"column":0},"end":{"line":308,"column":2}}},"fnMap":{"0":{"name":"createApp","decl":{"start":{"line":22,"column":9},"end":{"line":22,"column":18}},"loc":{"start":{"line":27,"column":3},"end":{"line":304,"column":1}},"line":27},"1":{"name":"(anonymous_1)","decl":{"start":{"line":56,"column":18},"end":{"line":56,"column":19}},"loc":{"start":{"line":56,"column":38},"end":{"line":59,"column":3}},"line":56},"2":{"name":"(anonymous_2)","decl":{"start":{"line":69,"column":25},"end":{"line":69,"column":26}},"loc":{"start":{"line":69,"column":39},"end":{"line":74,"column":3}},"line":69},"3":{"name":"(anonymous_3)","decl":{"start":{"line":92,"column":4},"end":{"line":92,"column":5}},"loc":{"start":{"line":92,"column":18},"end":{"line":101,"column":5}},"line":92},"4":{"name":"(anonymous_4)","decl":{"start":{"line":108,"column":4},"end":{"line":108,"column":5}},"loc":{"start":{"line":108,"column":18},"end":{"line":120,"column":5}},"line":108},"5":{"name":"(anonymous_5)","decl":{"start":{"line":128,"column":21},"end":{"line":128,"column":22}},"loc":{"start":{"line":128,"column":35},"end":{"line":140,"column":3}},"line":128},"6":{"name":"(anonymous_6)","decl":{"start":{"line":143,"column":26},"end":{"line":143,"column":27}},"loc":{"start":{"line":143,"column":40},"end":{"line":146,"column":3}},"line":143},"7":{"name":"(anonymous_7)","decl":{"start":{"line":149,"column":27},"end":{"line":149,"column":28}},"loc":{"start":{"line":149,"column":41},"end":{"line":153,"column":3}},"line":149},"8":{"name":"(anonymous_8)","decl":{"start":{"line":160,"column":4},"end":{"line":160,"column":5}},"loc":{"start":{"line":160,"column":18},"end":{"line":175,"column":5}},"line":160},"9":{"name":"(anonymous_9)","decl":{"start":{"line":183,"column":4},"end":{"line":183,"column":5}},"loc":{"start":{"line":183,"column":18},"end":{"line":193,"column":5}},"line":183},"10":{"name":"(anonymous_10)","decl":{"start":{"line":199,"column":4},"end":{"line":199,"column":5}},"loc":{"start":{"line":199,"column":18},"end":{"line":248,"column":5}},"line":199},"11":{"name":"(anonymous_11)","decl":{"start":{"line":252,"column":28},"end":{"line":252,"column":29}},"loc":{"start":{"line":252,"column":42},"end":{"line":256,"column":3}},"line":252},"12":{"name":"(anonymous_12)","decl":{"start":{"line":269,"column":10},"end":{"line":269,"column":11}},"loc":{"start":{"line":269,"column":24},"end":{"line":273,"column":3}},"line":269},"13":{"name":"(anonymous_13)","decl":{"start":{"line":276,"column":10},"end":{"line":276,"column":11}},"loc":{"start":{"line":276,"column":37},"end":{"line":301,"column":3}},"line":276}},"branchMap":{"0":{"loc":{"start":{"line":26,"column":2},"end":{"line":26,"column":17}},"type":"default-arg","locations":[{"start":{"line":26,"column":15},"end":{"line":26,"column":17}}],"line":26},"1":{"loc":{"start":{"line":206,"column":6},"end":{"line":212,"column":7}},"type":"if","locations":[{"start":{"line":206,"column":6},"end":{"line":212,"column":7}},{"start":{},"end":{}}],"line":206},"2":{"loc":{"start":{"line":215,"column":6},"end":{"line":223,"column":7}},"type":"if","locations":[{"start":{"line":215,"column":6},"end":{"line":223,"column":7}},{"start":{},"end":{}}],"line":215},"3":{"loc":{"start":{"line":216,"column":8},"end":{"line":217,"column":41}},"type":"binary-expr","locations":[{"start":{"line":216,"column":8},"end":{"line":216,"column":26}},{"start":{"line":217,"column":8},"end":{"line":217,"column":41}}],"line":216},"4":{"loc":{"start":{"line":277,"column":4},"end":{"line":281,"column":5}},"type":"if","locations":[{"start":{"line":277,"column":4},"end":{"line":281,"column":5}},{"start":{},"end":{}}],"line":277},"5":{"loc":{"start":{"line":283,"column":4},"end":{"line":287,"column":5}},"type":"if","locations":[{"start":{"line":283,"column":4},"end":{"line":287,"column":5}},{"start":{},"end":{}}],"line":283},"6":{"loc":{"start":{"line":289,"column":4},"end":{"line":296,"column":5}},"type":"if","locations":[{"start":{"line":289,"column":4},"end":{"line":296,"column":5}},{"start":{},"end":{}}],"line":289},"7":{"loc":{"start":{"line":290,"column":6},"end":{"line":291,"column":32}},"type":"binary-expr","locations":[{"start":{"line":290,"column":6},"end":{"line":290,"column":42}},{"start":{"line":291,"column":6},"end":{"line":291,"column":32}}],"line":290}},"s":{"0":1,"1":1,"2":1,"3":1,"4":1,"5":1,"6":1,"7":35,"8":35,"9":35,"10":35,"11":35,"12":116,"13":116,"14":35,"15":35,"16":1,"17":35,"18":35,"19":56,"20":54,"21":35,"22":18,"23":13,"24":11,"25":35,"26":35,"27":2,"28":2,"29":35,"30":1,"31":1,"32":35,"33":4,"34":35,"35":6,"36":3,"37":2,"38":2,"39":35,"40":2,"41":1,"42":1,"43":1,"44":35,"45":8,"46":8,"47":1,"48":7,"49":1,"50":6,"51":6,"52":5,"53":4,"54":2,"55":35,"56":1,"57":35,"58":35,"59":1,"60":35,"61":42,"62":38,"63":4,"64":1,"65":3,"66":1,"67":2,"68":35,"69":1},"f":{"0":35,"1":116,"2":1,"3":56,"4":18,"5":2,"6":1,"7":4,"8":6,"9":2,"10":8,"11":1,"12":1,"13":42},"b":{"0":[0],"1":[1,7],"2":[1,6],"3":[7,2],"4":[38,4],"5":[1,3],"6":[1,2],"7":[3,2]},"_coverageSchema":"1a1c01bbd47fc00a2c39e90264f33305004495a9","hash":"4edd2ee82426d5525ab298ab515af4fab62ec5b7"},"C:\\Users\\sarah\\Desktop\\NAILFLOW\\src\\auth.js":{"path":"C:\\Users\\sarah\\Desktop\\NAILFLOW\\src\\auth.js","statementMap":{"0":{"start":{"line":6,"column":4},"end":{"line":6,"column":26}},"1":{"start":{"line":8,"column":12},"end":{"line":8,"column":35}},"2":{"start":{"line":12,"column":4},"end":{"line":12,"column":23}},"3":{"start":{"line":16,"column":15},"end":{"line":16,"column":46}},"4":{"start":{"line":19,"column":15},"end":{"line":19,"column":61}},"5":{"start":{"line":21,"column":2},"end":{"line":21,"column":27}},"6":{"start":{"line":25,"column":23},"end":{"line":25,"column":41}},"7":{"start":{"line":27,"column":17},"end":{"line":27,"column":47}},"8":{"start":{"line":28,"column":19},"end":{"line":28,"column":43}},"9":{"start":{"line":30,"column":2},"end":{"line":33,"column":4}},"10":{"start":{"line":37,"column":2},"end":{"line":41,"column":3}},"11":{"start":{"line":38,"column":4},"end":{"line":40,"column":6}},"12":{"start":{"line":44,"column":20},"end":{"line":46,"column":3}},"13":{"start":{"line":49,"column":17},"end":{"line":49,"column":38}},"14":{"start":{"line":51,"column":18},"end":{"line":54,"column":5}},"15":{"start":{"line":56,"column":4},"end":{"line":61,"column":5}},"16":{"start":{"line":57,"column":6},"end":{"line":60,"column":8}},"17":{"start":{"line":63,"column":22},"end":{"line":63,"column":34}},"18":{"start":{"line":65,"column":4},"end":{"line":69,"column":6}},"19":{"start":{"line":71,"column":18},"end":{"line":83,"column":5}},"20":{"start":{"line":85,"column":4},"end":{"line":92,"column":6}},"21":{"start":{"line":97,"column":25},"end":{"line":97,"column":47}},"22":{"start":{"line":99,"column":4},"end":{"line":102,"column":6}},"23":{"start":{"line":105,"column":4},"end":{"line":105,"column":34}},"24":{"start":{"line":109,"column":4},"end":{"line":188,"column":5}},"25":{"start":{"line":110,"column":21},"end":{"line":110,"column":45}},"26":{"start":{"line":112,"column":6},"end":{"line":117,"column":7}},"27":{"start":{"line":113,"column":8},"end":{"line":116,"column":10}},"28":{"start":{"line":121,"column":6},"end":{"line":136,"column":7}},"29":{"start":{"line":122,"column":8},"end":{"line":130,"column":10}},"30":{"start":{"line":132,"column":8},"end":{"line":135,"column":10}},"31":{"start":{"line":138,"column":6},"end":{"line":147,"column":7}},"32":{"start":{"line":143,"column":8},"end":{"line":146,"column":10}},"33":{"start":{"line":149,"column":22},"end":{"line":149,"column":47}},"34":{"start":{"line":151,"column":6},"end":{"line":159,"column":7}},"35":{"start":{"line":155,"column":8},"end":{"line":158,"column":10}},"36":{"start":{"line":162,"column":8},"end":{"line":162,"column":35}},"37":{"start":{"line":164,"column":6},"end":{"line":171,"column":7}},"38":{"start":{"line":165,"column":8},"end":{"line":165,"column":40}},"39":{"start":{"line":167,"column":8},"end":{"line":170,"column":10}},"40":{"start":{"line":173,"column":6},"end":{"line":176,"column":8}},"41":{"start":{"line":178,"column":6},"end":{"line":183,"column":8}},"42":{"start":{"line":185,"column":6},"end":{"line":185,"column":13}},"43":{"start":{"line":187,"column":6},"end":{"line":187,"column":18}},"44":{"start":{"line":192,"column":4},"end":{"line":199,"column":5}},"45":{"start":{"line":193,"column":6},"end":{"line":198,"column":8}},"46":{"start":{"line":201,"column":4},"end":{"line":201,"column":11}},"47":{"start":{"line":204,"column":2},"end":{"line":209,"column":4}},"48":{"start":{"line":212,"column":0},"end":{"line":216,"column":2}}},"fnMap":{"0":{"name":"hashPassword","decl":{"start":{"line":14,"column":9},"end":{"line":14,"column":21}},"loc":{"start":{"line":14,"column":32},"end":{"line":22,"column":1}},"line":14},"1":{"name":"verifyPassword","decl":{"start":{"line":24,"column":9},"end":{"line":24,"column":23}},"loc":{"start":{"line":24,"column":43},"end":{"line":34,"column":1}},"line":24},"2":{"name":"createAuth","decl":{"start":{"line":36,"column":9},"end":{"line":36,"column":19}},"loc":{"start":{"line":36,"column":53},"end":{"line":210,"column":1}},"line":36},"3":{"name":"login","decl":{"start":{"line":48,"column":11},"end":{"line":48,"column":16}},"loc":{"start":{"line":48,"column":34},"end":{"line":93,"column":3}},"line":48},"4":{"name":"register","decl":{"start":{"line":95,"column":11},"end":{"line":95,"column":19}},"loc":{"start":{"line":95,"column":37},"end":{"line":106,"column":3}},"line":95},"5":{"name":"authenticate","decl":{"start":{"line":108,"column":11},"end":{"line":108,"column":23}},"loc":{"start":{"line":108,"column":40},"end":{"line":189,"column":3}},"line":108},"6":{"name":"administrator","decl":{"start":{"line":191,"column":11},"end":{"line":191,"column":24}},"loc":{"start":{"line":191,"column":41},"end":{"line":202,"column":3}},"line":191}},"branchMap":{"0":{"loc":{"start":{"line":31,"column":4},"end":{"line":32,"column":37}},"type":"binary-expr","locations":[{"start":{"line":31,"column":4},"end":{"line":31,"column":37}},{"start":{"line":32,"column":4},"end":{"line":32,"column":37}}],"line":31},"1":{"loc":{"start":{"line":36,"column":35},"end":{"line":36,"column":51}},"type":"default-arg","locations":[{"start":{"line":36,"column":43},"end":{"line":36,"column":51}}],"line":36},"2":{"loc":{"start":{"line":37,"column":2},"end":{"line":41,"column":3}},"type":"if","locations":[{"start":{"line":37,"column":2},"end":{"line":41,"column":3}},{"start":{},"end":{}}],"line":37},"3":{"loc":{"start":{"line":37,"column":6},"end":{"line":37,"column":54}},"type":"binary-expr","locations":[{"start":{"line":37,"column":6},"end":{"line":37,"column":32}},{"start":{"line":37,"column":36},"end":{"line":37,"column":54}}],"line":37},"4":{"loc":{"start":{"line":53,"column":6},"end":{"line":53,"column":43}},"type":"cond-expr","locations":[{"start":{"line":53,"column":13},"end":{"line":53,"column":31}},{"start":{"line":53,"column":34},"end":{"line":53,"column":43}}],"line":53},"5":{"loc":{"start":{"line":56,"column":4},"end":{"line":61,"column":5}},"type":"if","locations":[{"start":{"line":56,"column":4},"end":{"line":61,"column":5}},{"start":{},"end":{}}],"line":56},"6":{"loc":{"start":{"line":56,"column":8},"end":{"line":56,"column":23}},"type":"binary-expr","locations":[{"start":{"line":56,"column":8},"end":{"line":56,"column":13}},{"start":{"line":56,"column":17},"end":{"line":56,"column":23}}],"line":56},"7":{"loc":{"start":{"line":112,"column":6},"end":{"line":117,"column":7}},"type":"if","locations":[{"start":{"line":112,"column":6},"end":{"line":117,"column":7}},{"start":{},"end":{}}],"line":112},"8":{"loc":{"start":{"line":112,"column":10},"end":{"line":112,"column":50}},"type":"binary-expr","locations":[{"start":{"line":112,"column":10},"end":{"line":112,"column":17}},{"start":{"line":112,"column":21},"end":{"line":112,"column":50}}],"line":112},"9":{"loc":{"start":{"line":138,"column":6},"end":{"line":147,"column":7}},"type":"if","locations":[{"start":{"line":138,"column":6},"end":{"line":147,"column":7}},{"start":{},"end":{}}],"line":138},"10":{"loc":{"start":{"line":139,"column":8},"end":{"line":141,"column":38}},"type":"binary-expr","locations":[{"start":{"line":139,"column":8},"end":{"line":139,"column":34}},{"start":{"line":140,"column":8},"end":{"line":140,"column":38}},{"start":{"line":141,"column":8},"end":{"line":141,"column":38}}],"line":139},"11":{"loc":{"start":{"line":151,"column":6},"end":{"line":159,"column":7}},"type":"if","locations":[{"start":{"line":151,"column":6},"end":{"line":159,"column":7}},{"start":{},"end":{}}],"line":151},"12":{"loc":{"start":{"line":152,"column":8},"end":{"line":153,"column":46}},"type":"binary-expr","locations":[{"start":{"line":152,"column":8},"end":{"line":152,"column":16}},{"start":{"line":153,"column":8},"end":{"line":153,"column":46}}],"line":152},"13":{"loc":{"start":{"line":164,"column":6},"end":{"line":171,"column":7}},"type":"if","locations":[{"start":{"line":164,"column":6},"end":{"line":171,"column":7}},{"start":{},"end":{}}],"line":164},"14":{"loc":{"start":{"line":192,"column":4},"end":{"line":199,"column":5}},"type":"if","locations":[{"start":{"line":192,"column":4},"end":{"line":199,"column":5}},{"start":{},"end":{}}],"line":192}},"s":{"0":2,"1":2,"2":2,"3":98,"4":98,"5":98,"6":69,"7":69,"8":69,"9":69,"10":38,"11":3,"12":35,"13":65,"14":65,"15":65,"16":6,"17":59,"18":59,"19":59,"20":59,"21":13,"22":13,"23":11,"24":37,"25":37,"26":37,"27":2,"28":35,"29":35,"30":3,"31":32,"32":1,"33":31,"34":31,"35":3,"36":28,"37":28,"38":1,"39":1,"40":27,"41":27,"42":27,"43":10,"44":11,"45":3,"46":8,"47":35,"48":2},"f":{"0":98,"1":69,"2":38,"3":65,"4":13,"5":37,"6":11},"b":{"0":[69,68],"1":[15],"2":[3,35],"3":[38,36],"4":[61,4],"5":[6,59],"6":[65,61],"7":[2,35],"8":[37,36],"9":[1,31],"10":[32,32,31],"11":[3,28],"12":[31,29],"13":[1,27],"14":[3,8]},"_coverageSchema":"1a1c01bbd47fc00a2c39e90264f33305004495a9","hash":"590f92777340a8441aa012edaeb9c985469bcc6b"},"C:\\Users\\sarah\\Desktop\\NAILFLOW\\src\\errors.js":{"path":"C:\\Users\\sarah\\Desktop\\NAILFLOW\\src\\errors.js","statementMap":{"0":{"start":{"line":3,"column":4},"end":{"line":3,"column":19}},"1":{"start":{"line":4,"column":4},"end":{"line":4,"column":25}},"2":{"start":{"line":8,"column":0},"end":{"line":8,"column":30}}},"fnMap":{"0":{"name":"(anonymous_0)","decl":{"start":{"line":2,"column":2},"end":{"line":2,"column":3}},"loc":{"start":{"line":2,"column":37},"end":{"line":5,"column":3}},"line":2}},"branchMap":{"0":{"loc":{"start":{"line":2,"column":23},"end":{"line":2,"column":35}},"type":"default-arg","locations":[{"start":{"line":2,"column":32},"end":{"line":2,"column":35}}],"line":2}},"s":{"0":70,"1":70,"2":2},"f":{"0":70},"b":{"0":[41]},"_coverageSchema":"1a1c01bbd47fc00a2c39e90264f33305004495a9","hash":"aa7abfe42b93e1ca248804048da2bb9adb4f9cea"},"C:\\Users\\sarah\\Desktop\\NAILFLOW\\src\\validation.js":{"path":"C:\\Users\\sarah\\Desktop\\NAILFLOW\\src\\validation.js","statementMap":{"0":{"start":{"line":4,"column":4},"end":{"line":4,"column":23}},"1":{"start":{"line":7,"column":2},"end":{"line":9,"column":3}},"2":{"start":{"line":8,"column":4},"end":{"line":8,"column":49}},"3":{"start":{"line":11,"column":16},"end":{"line":11,"column":28}},"4":{"start":{"line":14,"column":2},"end":{"line":16,"column":3}},"5":{"start":{"line":15,"column":4},"end":{"line":15,"column":49}},"6":{"start":{"line":19,"column":2},"end":{"line":21,"column":3}},"7":{"start":{"line":20,"column":4},"end":{"line":20,"column":49}},"8":{"start":{"line":23,"column":2},"end":{"line":23,"column":15}},"9":{"start":{"line":27,"column":2},"end":{"line":35,"column":3}},"10":{"start":{"line":32,"column":4},"end":{"line":34,"column":6}},"11":{"start":{"line":37,"column":2},"end":{"line":37,"column":15}},"12":{"start":{"line":41,"column":2},"end":{"line":43,"column":3}},"13":{"start":{"line":42,"column":4},"end":{"line":42,"column":51}},"14":{"start":{"line":45,"column":2},"end":{"line":45,"column":52}},"15":{"start":{"line":49,"column":2},"end":{"line":53,"column":4}},"16":{"start":{"line":57,"column":16},"end":{"line":57,"column":26}},"17":{"start":{"line":58,"column":19},"end":{"line":58,"column":32}},"18":{"start":{"line":61,"column":2},"end":{"line":67,"column":3}},"19":{"start":{"line":66,"column":4},"end":{"line":66,"column":58}},"20":{"start":{"line":69,"column":2},"end":{"line":75,"column":3}},"21":{"start":{"line":74,"column":4},"end":{"line":74,"column":58}},"22":{"start":{"line":77,"column":2},"end":{"line":80,"column":4}},"23":{"start":{"line":83,"column":0},"end":{"line":89,"column":2}}},"fnMap":{"0":{"name":"text","decl":{"start":{"line":6,"column":9},"end":{"line":6,"column":13}},"loc":{"start":{"line":6,"column":38},"end":{"line":24,"column":1}},"line":6},"1":{"name":"integer","decl":{"start":{"line":26,"column":9},"end":{"line":26,"column":16}},"loc":{"start":{"line":26,"column":40},"end":{"line":38,"column":1}},"line":26},"2":{"name":"id","decl":{"start":{"line":40,"column":9},"end":{"line":40,"column":11}},"loc":{"start":{"line":40,"column":19},"end":{"line":46,"column":1}},"line":40},"3":{"name":"product","decl":{"start":{"line":48,"column":9},"end":{"line":48,"column":16}},"loc":{"start":{"line":48,"column":23},"end":{"line":54,"column":1}},"line":48},"4":{"name":"credentials","decl":{"start":{"line":56,"column":9},"end":{"line":56,"column":20}},"loc":{"start":{"line":56,"column":27},"end":{"line":81,"column":1}},"line":56}},"branchMap":{"0":{"loc":{"start":{"line":6,"column":28},"end":{"line":6,"column":36}},"type":"default-arg","locations":[{"start":{"line":6,"column":34},"end":{"line":6,"column":36}}],"line":6},"1":{"loc":{"start":{"line":7,"column":2},"end":{"line":9,"column":3}},"type":"if","locations":[{"start":{"line":7,"column":2},"end":{"line":9,"column":3}},{"start":{},"end":{}}],"line":7},"2":{"loc":{"start":{"line":14,"column":2},"end":{"line":16,"column":3}},"type":"if","locations":[{"start":{"line":14,"column":2},"end":{"line":16,"column":3}},{"start":{},"end":{}}],"line":14},"3":{"loc":{"start":{"line":14,"column":6},"end":{"line":14,"column":46}},"type":"binary-expr","locations":[{"start":{"line":14,"column":6},"end":{"line":14,"column":24}},{"start":{"line":14,"column":28},"end":{"line":14,"column":46}}],"line":14},"4":{"loc":{"start":{"line":19,"column":2},"end":{"line":21,"column":3}},"type":"if","locations":[{"start":{"line":19,"column":2},"end":{"line":21,"column":3}},{"start":{},"end":{}}],"line":19},"5":{"loc":{"start":{"line":26,"column":31},"end":{"line":26,"column":38}},"type":"default-arg","locations":[{"start":{"line":26,"column":37},"end":{"line":26,"column":38}}],"line":26},"6":{"loc":{"start":{"line":27,"column":2},"end":{"line":35,"column":3}},"type":"if","locations":[{"start":{"line":27,"column":2},"end":{"line":35,"column":3}},{"start":{},"end":{}}],"line":27},"7":{"loc":{"start":{"line":28,"column":4},"end":{"line":30,"column":19}},"type":"binary-expr","locations":[{"start":{"line":28,"column":4},"end":{"line":28,"column":32}},{"start":{"line":29,"column":4},"end":{"line":29,"column":15}},{"start":{"line":30,"column":4},"end":{"line":30,"column":19}}],"line":28},"8":{"loc":{"start":{"line":41,"column":2},"end":{"line":43,"column":3}},"type":"if","locations":[{"start":{"line":41,"column":2},"end":{"line":43,"column":3}},{"start":{},"end":{}}],"line":41},"9":{"loc":{"start":{"line":61,"column":2},"end":{"line":67,"column":3}},"type":"if","locations":[{"start":{"line":61,"column":2},"end":{"line":67,"column":3}},{"start":{},"end":{}}],"line":61},"10":{"loc":{"start":{"line":62,"column":4},"end":{"line":64,"column":51}},"type":"binary-expr","locations":[{"start":{"line":62,"column":4},"end":{"line":62,"column":29}},{"start":{"line":63,"column":4},"end":{"line":63,"column":22}},{"start":{"line":64,"column":4},"end":{"line":64,"column":51}}],"line":62},"11":{"loc":{"start":{"line":69,"column":2},"end":{"line":75,"column":3}},"type":"if","locations":[{"start":{"line":69,"column":2},"end":{"line":75,"column":3}},{"start":{},"end":{}}],"line":69},"12":{"loc":{"start":{"line":70,"column":4},"end":{"line":72,"column":25}},"type":"binary-expr","locations":[{"start":{"line":70,"column":4},"end":{"line":70,"column":32}},{"start":{"line":71,"column":4},"end":{"line":71,"column":25}},{"start":{"line":72,"column":4},"end":{"line":72,"column":25}}],"line":70}},"s":{"0":2,"1":27,"2":2,"3":25,"4":25,"5":4,"6":21,"7":3,"8":18,"9":33,"10":11,"11":22,"12":15,"13":6,"14":9,"15":8,"16":82,"17":82,"18":82,"19":9,"20":73,"21":4,"22":69,"23":2},"f":{"0":27,"1":33,"2":15,"3":8,"4":82},"b":{"0":[15],"1":[2,25],"2":[4,21],"3":[25,22],"4":[3,18],"5":[17],"6":[11,22],"7":[33,28,24],"8":[6,9],"9":[9,73],"10":[82,77,76],"11":[4,69],"12":[73,72,70]},"_coverageSchema":"1a1c01bbd47fc00a2c39e90264f33305004495a9","hash":"66a6f1b5eaab658b6c2b774b973ec2e91e693b2d"},"C:\\Users\\sarah\\Desktop\\NAILFLOW\\src\\store.js":{"path":"C:\\Users\\sarah\\Desktop\\NAILFLOW\\src\\store.js","statementMap":{"0":{"start":{"line":3,"column":4},"end":{"line":3,"column":26}},"1":{"start":{"line":7,"column":4},"end":{"line":7,"column":22}},"2":{"start":{"line":11,"column":4},"end":{"line":11,"column":24}},"3":{"start":{"line":15,"column":4},"end":{"line":15,"column":23}},"4":{"start":{"line":19,"column":2},"end":{"line":23,"column":3}},"5":{"start":{"line":20,"column":4},"end":{"line":22,"column":7}},"6":{"start":{"line":26,"column":13},"end":{"line":26,"column":39}},"7":{"start":{"line":29,"column":2},"end":{"line":67,"column":5}},"8":{"start":{"line":71,"column":4},"end":{"line":74,"column":6}},"9":{"start":{"line":79,"column":16},"end":{"line":81,"column":14}},"10":{"start":{"line":83,"column":4},"end":{"line":85,"column":5}},"11":{"start":{"line":84,"column":6},"end":{"line":84,"column":57}},"12":{"start":{"line":87,"column":4},"end":{"line":87,"column":21}},"13":{"start":{"line":92,"column":4},"end":{"line":94,"column":5}},"14":{"start":{"line":93,"column":6},"end":{"line":93,"column":56}},"15":{"start":{"line":96,"column":4},"end":{"line":96,"column":16}},"16":{"start":{"line":101,"column":4},"end":{"line":101,"column":22}},"17":{"start":{"line":107,"column":19},"end":{"line":110,"column":29}},"18":{"start":{"line":112,"column":4},"end":{"line":112,"column":42}},"19":{"start":{"line":118,"column":4},"end":{"line":118,"column":31}},"20":{"start":{"line":120,"column":4},"end":{"line":156,"column":5}},"21":{"start":{"line":121,"column":27},"end":{"line":123,"column":14}},"22":{"start":{"line":125,"column":17},"end":{"line":125,"column":26}},"23":{"start":{"line":127,"column":6},"end":{"line":129,"column":7}},"24":{"start":{"line":128,"column":8},"end":{"line":128,"column":31}},"25":{"start":{"line":131,"column":21},"end":{"line":134,"column":31}},"26":{"start":{"line":136,"column":17},"end":{"line":136,"column":47}},"27":{"start":{"line":138,"column":6},"end":{"line":138,"column":24}},"28":{"start":{"line":140,"column":6},"end":{"line":144,"column":8}},"29":{"start":{"line":146,"column":6},"end":{"line":146,"column":26}},"30":{"start":{"line":148,"column":6},"end":{"line":153,"column":7}},"31":{"start":{"line":149,"column":8},"end":{"line":152,"column":10}},"32":{"start":{"line":155,"column":6},"end":{"line":155,"column":18}},"33":{"start":{"line":161,"column":4},"end":{"line":163,"column":18}},"34":{"start":{"line":168,"column":4},"end":{"line":171,"column":35}},"35":{"start":{"line":176,"column":4},"end":{"line":184,"column":22}},"36":{"start":{"line":189,"column":4},"end":{"line":193,"column":27}},"37":{"start":{"line":198,"column":4},"end":{"line":201,"column":22}},"38":{"start":{"line":206,"column":4},"end":{"line":209,"column":23}},"39":{"start":{"line":214,"column":4},"end":{"line":214,"column":31}},"40":{"start":{"line":216,"column":4},"end":{"line":256,"column":5}},"41":{"start":{"line":217,"column":21},"end":{"line":225,"column":7}},"42":{"start":{"line":227,"column":24},"end":{"line":227,"column":54}},"43":{"start":{"line":229,"column":6},"end":{"line":248,"column":7}},"44":{"start":{"line":230,"column":8},"end":{"line":247,"column":10}},"45":{"start":{"line":250,"column":6},"end":{"line":250,"column":24}},"46":{"start":{"line":252,"column":6},"end":{"line":252,"column":35}},"47":{"start":{"line":254,"column":6},"end":{"line":254,"column":26}},"48":{"start":{"line":255,"column":6},"end":{"line":255,"column":23}},"49":{"start":{"line":261,"column":4},"end":{"line":261,"column":26}},"50":{"start":{"line":263,"column":4},"end":{"line":278,"column":5}},"51":{"start":{"line":264,"column":6},"end":{"line":273,"column":8}},"52":{"start":{"line":275,"column":6},"end":{"line":275,"column":35}},"53":{"start":{"line":277,"column":6},"end":{"line":277,"column":23}},"54":{"start":{"line":289,"column":4},"end":{"line":289,"column":31}},"55":{"start":{"line":291,"column":4},"end":{"line":345,"column":5}},"56":{"start":{"line":292,"column":22},"end":{"line":292,"column":43}},"57":{"start":{"line":295,"column":6},"end":{"line":299,"column":7}},"58":{"start":{"line":296,"column":8},"end":{"line":296,"column":49}},"59":{"start":{"line":298,"column":8},"end":{"line":298,"column":49}},"60":{"start":{"line":301,"column":6},"end":{"line":306,"column":7}},"61":{"start":{"line":302,"column":8},"end":{"line":305,"column":10}},"62":{"start":{"line":308,"column":6},"end":{"line":312,"column":7}},"63":{"start":{"line":309,"column":8},"end":{"line":311,"column":10}},"64":{"start":{"line":314,"column":6},"end":{"line":318,"column":38}},"65":{"start":{"line":320,"column":6},"end":{"line":337,"column":8}},"66":{"start":{"line":339,"column":6},"end":{"line":339,"column":24}},"67":{"start":{"line":341,"column":6},"end":{"line":341,"column":35}},"68":{"start":{"line":343,"column":6},"end":{"line":343,"column":26}},"69":{"start":{"line":344,"column":6},"end":{"line":344,"column":18}},"70":{"start":{"line":350,"column":4},"end":{"line":362,"column":13}},"71":{"start":{"line":366,"column":2},"end":{"line":382,"column":4}},"72":{"start":{"line":385,"column":0},"end":{"line":387,"column":2}}},"fnMap":{"0":{"name":"createStore","decl":{"start":{"line":17,"column":9},"end":{"line":17,"column":20}},"loc":{"start":{"line":17,"column":44},"end":{"line":383,"column":1}},"line":17},"1":{"name":"view","decl":{"start":{"line":70,"column":11},"end":{"line":70,"column":15}},"loc":{"start":{"line":70,"column":21},"end":{"line":75,"column":3}},"line":70},"2":{"name":"getProduct","decl":{"start":{"line":78,"column":11},"end":{"line":78,"column":21}},"loc":{"start":{"line":78,"column":26},"end":{"line":88,"column":3}},"line":78},"3":{"name":"duplicate","decl":{"start":{"line":91,"column":11},"end":{"line":91,"column":20}},"loc":{"start":{"line":91,"column":28},"end":{"line":97,"column":3}},"line":91},"4":{"name":"close","decl":{"start":{"line":100,"column":11},"end":{"line":100,"column":16}},"loc":{"start":{"line":100,"column":19},"end":{"line":102,"column":3}},"line":100},"5":{"name":"addUser","decl":{"start":{"line":106,"column":11},"end":{"line":106,"column":18}},"loc":{"start":{"line":106,"column":38},"end":{"line":113,"column":3}},"line":106},"6":{"name":"registerUser","decl":{"start":{"line":117,"column":11},"end":{"line":117,"column":23}},"loc":{"start":{"line":117,"column":37},"end":{"line":157,"column":3}},"line":117},"7":{"name":"findUser","decl":{"start":{"line":160,"column":11},"end":{"line":160,"column":19}},"loc":{"start":{"line":160,"column":27},"end":{"line":164,"column":3}},"line":160},"8":{"name":"newSession","decl":{"start":{"line":167,"column":11},"end":{"line":167,"column":21}},"loc":{"start":{"line":167,"column":46},"end":{"line":172,"column":3}},"line":167},"9":{"name":"session","decl":{"start":{"line":175,"column":11},"end":{"line":175,"column":18}},"loc":{"start":{"line":175,"column":30},"end":{"line":185,"column":3}},"line":175},"10":{"name":"touchSession","decl":{"start":{"line":188,"column":11},"end":{"line":188,"column":23}},"loc":{"start":{"line":188,"column":40},"end":{"line":194,"column":3}},"line":188},"11":{"name":"deleteSession","decl":{"start":{"line":197,"column":11},"end":{"line":197,"column":24}},"loc":{"start":{"line":197,"column":36},"end":{"line":202,"column":3}},"line":197},"12":{"name":"listProducts","decl":{"start":{"line":205,"column":11},"end":{"line":205,"column":23}},"loc":{"start":{"line":205,"column":26},"end":{"line":210,"column":3}},"line":205},"13":{"name":"addProduct","decl":{"start":{"line":213,"column":11},"end":{"line":213,"column":21}},"loc":{"start":{"line":213,"column":46},"end":{"line":257,"column":3}},"line":213},"14":{"name":"updateProduct","decl":{"start":{"line":260,"column":11},"end":{"line":260,"column":24}},"loc":{"start":{"line":260,"column":42},"end":{"line":279,"column":3}},"line":260},"15":{"name":"move","decl":{"start":{"line":282,"column":11},"end":{"line":282,"column":15}},"loc":{"start":{"line":288,"column":4},"end":{"line":346,"column":3}},"line":288},"16":{"name":"movements","decl":{"start":{"line":349,"column":11},"end":{"line":349,"column":20}},"loc":{"start":{"line":349,"column":23},"end":{"line":363,"column":3}},"line":349}},"branchMap":{"0":{"loc":{"start":{"line":17,"column":21},"end":{"line":17,"column":42}},"type":"default-arg","locations":[{"start":{"line":17,"column":32},"end":{"line":17,"column":42}}],"line":17},"1":{"loc":{"start":{"line":19,"column":2},"end":{"line":23,"column":3}},"type":"if","locations":[{"start":{"line":19,"column":2},"end":{"line":23,"column":3}},{"start":{},"end":{}}],"line":19},"2":{"loc":{"start":{"line":83,"column":4},"end":{"line":85,"column":5}},"type":"if","locations":[{"start":{"line":83,"column":4},"end":{"line":85,"column":5}},{"start":{},"end":{}}],"line":83},"3":{"loc":{"start":{"line":92,"column":4},"end":{"line":94,"column":5}},"type":"if","locations":[{"start":{"line":92,"column":4},"end":{"line":94,"column":5}},{"start":{},"end":{}}],"line":92},"4":{"loc":{"start":{"line":127,"column":6},"end":{"line":129,"column":7}},"type":"if","locations":[{"start":{"line":127,"column":6},"end":{"line":129,"column":7}},{"start":{},"end":{}}],"line":127},"5":{"loc":{"start":{"line":148,"column":6},"end":{"line":153,"column":7}},"type":"if","locations":[{"start":{"line":148,"column":6},"end":{"line":153,"column":7}},{"start":{},"end":{}}],"line":148},"6":{"loc":{"start":{"line":229,"column":6},"end":{"line":248,"column":7}},"type":"if","locations":[{"start":{"line":229,"column":6},"end":{"line":248,"column":7}},{"start":{},"end":{}}],"line":229},"7":{"loc":{"start":{"line":295,"column":6},"end":{"line":299,"column":7}},"type":"if","locations":[{"start":{"line":295,"column":6},"end":{"line":299,"column":7}},{"start":{"line":297,"column":13},"end":{"line":299,"column":7}}],"line":295},"8":{"loc":{"start":{"line":301,"column":6},"end":{"line":306,"column":7}},"type":"if","locations":[{"start":{"line":301,"column":6},"end":{"line":306,"column":7}},{"start":{},"end":{}}],"line":301},"9":{"loc":{"start":{"line":308,"column":6},"end":{"line":312,"column":7}},"type":"if","locations":[{"start":{"line":308,"column":6},"end":{"line":312,"column":7}},{"start":{},"end":{}}],"line":308}},"s":{"0":2,"1":2,"2":2,"3":2,"4":45,"5":4,"6":45,"7":45,"8":40,"9":40,"10":40,"11":3,"12":37,"13":3,"14":2,"15":1,"16":45,"17":55,"18":55,"19":15,"20":15,"21":15,"22":15,"23":15,"24":10,"25":15,"26":13,"27":13,"28":13,"29":2,"30":2,"31":1,"32":1,"33":69,"34":59,"35":31,"36":27,"37":2,"38":9,"39":13,"40":13,"41":13,"42":12,"43":12,"44":11,"45":11,"46":11,"47":2,"48":2,"49":4,"50":3,"51":3,"52":2,"53":1,"54":12,"55":12,"56":12,"57":11,"58":3,"59":8,"60":11,"61":3,"62":8,"63":1,"64":7,"65":7,"66":6,"67":6,"68":6,"69":6,"70":3,"71":45,"72":2},"f":{"0":45,"1":40,"2":40,"3":3,"4":45,"5":55,"6":15,"7":69,"8":59,"9":31,"10":27,"11":2,"12":9,"13":13,"14":4,"15":12,"16":3},"b":{"0":[41],"1":[4,41],"2":[3,37],"3":[2,1],"4":[10,5],"5":[1,1],"6":[11,1],"7":[3,8],"8":[3,8],"9":[1,7]},"_coverageSchema":"1a1c01bbd47fc00a2c39e90264f33305004495a9","hash":"eb0835871a0d127194664db01c25f458d6fd65ec"}}}
