{"total": {"lines":{"total":239,"covered":236,"skipped":0,"pct":98.74},"statements":{"total":240,"covered":237,"skipped":0,"pct":98.75},"functions":{"total":48,"covered":48,"skipped":0,"pct":100},"branches":{"total":96,"covered":96,"skipped":0,"pct":100},"branchesTrue":{"total":0,"covered":0,"skipped":0,"pct":"Unknown"}}
,"C:\\Users\\sarah\\Desktop\\NAILFLOW\\src\\app.js": {"lines":{"total":76,"covered":76,"skipped":0,"pct":100},"functions":{"total":16,"covered":16,"skipped":0,"pct":100},"statements":{"total":76,"covered":76,"skipped":0,"pct":100},"branches":{"total":15,"covered":15,"skipped":0,"pct":100}}
,"C:\\Users\\sarah\\Desktop\\NAILFLOW\\src\\auth.js": {"lines":{"total":49,"covered":49,"skipped":0,"pct":100},"functions":{"total":7,"covered":7,"skipped":0,"pct":100},"statements":{"total":49,"covered":49,"skipped":0,"pct":100},"branches":{"total":30,"covered":30,"skipped":0,"pct":100}}
,"C:\\Users\\sarah\\Desktop\\NAILFLOW\\src\\errors.js": {"lines":{"total":3,"covered":3,"skipped":0,"pct":100},"functions":{"total":1,"covered":1,"skipped":0,"pct":100},"statements":{"total":3,"covered":3,"skipped":0,"pct":100},"branches":{"total":1,"covered":1,"skipped":0,"pct":100}}
,"C:\\Users\\sarah\\Desktop\\NAILFLOW\\src\\store.js": {"lines":{"total":87,"covered":84,"skipped":0,"pct":96.55},"functions":{"total":19,"covered":19,"skipped":0,"pct":100},"statements":{"total":88,"covered":85,"skipped":0,"pct":96.59},"branches":{"total":23,"covered":23,"skipped":0,"pct":100}}
,"C:\\Users\\sarah\\Desktop\\NAILFLOW\\src\\validation.js": {"lines":{"total":24,"covered":24,"skipped":0,"pct":100},"functions":{"total":5,"covered":5,"skipped":0,"pct":100},"statements":{"total":24,"covered":24,"skipped":0,"pct":100},"branches":{"total":27,"covered":27,"skipped":0,"pct":100}}
}
