TN:
SF:src\app.js
FN:22,createApp
FN:59,(anonymous_1)
FN:68,(anonymous_2)
FN:81,(anonymous_3)
FN:104,(anonymous_4)
FN:120,(anonymous_5)
FN:140,(anonymous_6)
FN:155,(anonymous_7)
FN:161,(anonymous_8)
FN:172,(anonymous_9)
FN:195,(anonymous_10)
FN:209,(anonymous_11)
FN:217,(anonymous_12)
FN:270,(anonymous_13)
FN:287,(anonymous_14)
FN:294,(anonymous_15)
FNF:16
FNH:16
FNDA:45,createApp
FNDA:157,(anonymous_1)
FNDA:153,(anonymous_2)
FNDA:1,(anonymous_3)
FNDA:76,(anonymous_4)
FNDA:18,(anonymous_5)
FNDA:2,(anonymous_6)
FNDA:1,(anonymous_7)
FNDA:4,(anonymous_8)
FNDA:6,(anonymous_9)
FNDA:3,(anonymous_10)
FNDA:2,(anonymous_11)
FNDA:19,(anonymous_12)
FNDA:1,(anonymous_13)
FNDA:1,(anonymous_14)
FNDA:57,(anonymous_15)
DA:1,2
DA:2,2
DA:6,2
DA:10,2
DA:14,2
DA:18,2
DA:20,2
DA:28,45
DA:29,45
DA:32,45
DA:35,45
DA:59,45
DA:60,157
DA:64,157
DA:68,45
DA:69,153
DA:70,153
DA:74,45
DA:81,45
DA:82,1
DA:89,45
DA:101,45
DA:108,76
DA:110,74
DA:117,45
DA:124,18
DA:126,13
DA:131,11
DA:137,45
DA:140,45
DA:145,2
DA:147,2
DA:155,45
DA:156,1
DA:157,1
DA:161,45
DA:162,4
DA:169,45
DA:173,6
DA:175,3
DA:180,2
DA:186,2
DA:192,45
DA:196,3
DA:197,2
DA:199,2
DA:204,1
DA:209,45
DA:210,2
DA:211,1
DA:215,45
DA:222,19
DA:224,19
DA:227,1
DA:233,18
DA:237,2
DA:243,16
DA:245,16
DA:251,12
DA:257,10
DA:265,3
DA:270,45
DA:271,1
DA:277,45
DA:287,45
DA:288,1
DA:294,45
DA:295,57
DA:296,52
DA:301,5
DA:302,1
DA:307,4
DA:311,1
DA:316,3
DA:321,45
DA:324,2
LF:76
LH:76
BRDA:26,0,0,10
BRDA:224,1,0,1
BRDA:224,1,1,18
BRDA:233,2,0,2
BRDA:233,2,1,16
BRDA:234,3,0,18
BRDA:234,3,1,12
BRDA:295,4,0,52
BRDA:295,4,1,5
BRDA:301,5,0,1
BRDA:301,5,1,4
BRDA:307,6,0,1
BRDA:307,6,1,3
BRDA:308,7,0,4
BRDA:308,7,1,3
BRF:15
BRH:15
end_of_record
TN:
SF:src\auth.js
FN:14,hashPassword
FN:24,verifyPassword
FN:36,createAuth
FN:48,login
FN:95,register
FN:108,authenticate
FN:191,administrator
FNF:7
FNH:7
FNDA:118,hashPassword
FNDA:89,verifyPassword
FNDA:48,createAuth
FNDA:85,login
FNDA:13,register
FNDA:54,authenticate
FNDA:15,administrator
DA:6,3
DA:8,3
DA:12,3
DA:16,118
DA:19,118
DA:21,118
DA:25,89
DA:27,89
DA:28,89
DA:30,89
DA:37,48
DA:38,3
DA:44,45
DA:49,85
DA:51,85
DA:56,85
DA:57,6
DA:63,79
DA:65,79
DA:71,79
DA:85,79
DA:97,13
DA:99,13
DA:105,11
DA:109,54
DA:110,54
DA:112,54
DA:113,4
DA:121,50
DA:122,50
DA:132,3
DA:138,47
DA:143,1
DA:149,46
DA:151,46
DA:155,3
DA:162,43
DA:164,43
DA:165,1
DA:167,1
DA:173,42
DA:178,42
DA:185,42
DA:187,12
DA:192,15
DA:193,4
DA:201,11
DA:204,45
DA:212,3
LF:49
LH:49
BRDA:31,0,0,89
BRDA:31,0,1,88
BRDA:36,1,0,25
BRDA:37,2,0,3
BRDA:37,2,1,45
BRDA:37,3,0,48
BRDA:37,3,1,46
BRDA:53,4,0,81
BRDA:53,4,1,4
BRDA:56,5,0,6
BRDA:56,5,1,79
BRDA:56,6,0,85
BRDA:56,6,1,81
BRDA:112,7,0,4
BRDA:112,7,1,50
BRDA:112,8,0,54
BRDA:112,8,1,51
BRDA:138,9,0,1
BRDA:138,9,1,46
BRDA:139,10,0,47
BRDA:139,10,1,47
BRDA:139,10,2,46
BRDA:151,11,0,3
BRDA:151,11,1,43
BRDA:152,12,0,46
BRDA:152,12,1,44
BRDA:164,13,0,1
BRDA:164,13,1,42
BRDA:192,14,0,4
BRDA:192,14,1,11
BRF:30
BRH:30
end_of_record
TN:
SF:src\errors.js
FN:2,(anonymous_0)
FNF:1
FNH:1
FNDA:84,(anonymous_0)
DA:3,84
DA:4,84
DA:8,3
LF:3
LH:3
BRDA:2,0,0,45
BRF:1
BRH:1
end_of_record
TN:
SF:src\store.js
FN:17,createStore
FN:72,(anonymous_1)
FN:101,view
FN:109,getProduct
FN:122,duplicate
FN:131,close
FN:137,addUser
FN:148,registerUser
FN:191,findUser
FN:198,newSession
FN:206,session
FN:219,touchSession
FN:228,deleteSession
FN:236,listProducts
FN:245,addProduct
FN:292,updateProduct
FN:314,deleteProduct
FN:322,move
FN:389,movements
FNF:19
FNH:19
FNDA:57,createStore
FNDA:288,(anonymous_1)
FNDA:67,view
FNDA:72,getProduct
FNDA:3,duplicate
FNDA:57,close
FNDA:75,addUser
FNDA:15,registerUser
FNDA:89,findUser
FNDA:79,newSession
FNDA:46,session
FNDA:42,touchSession
FNDA:2,deleteSession
FNDA:11,listProducts
FNDA:23,addProduct
FNDA:5,updateProduct
FNDA:3,deleteProduct
FNDA:19,move
FNDA:17,movements
DA:3,3
DA:7,3
DA:11,3
DA:15,3
DA:19,57
DA:20,6
DA:26,57
DA:29,57
DA:70,57
DA:71,57
DA:72,288
DA:73,54
DA:74,54
DA:76,57
DA:77,57
DA:78,54
DA:93,57
DA:95,0
DA:96,0
DA:97,0
DA:102,67
DA:110,72
DA:114,72
DA:115,8
DA:118,64
DA:123,3
DA:124,2
DA:127,1
DA:132,57
DA:138,75
DA:143,75
DA:149,15
DA:151,15
DA:152,15
DA:156,15
DA:158,15
DA:159,10
DA:162,15
DA:167,13
DA:169,13
DA:171,13
DA:177,2
DA:179,2
DA:180,1
DA:186,1
DA:192,89
DA:199,79
DA:207,46
DA:220,42
DA:229,2
DA:237,11
DA:246,23
DA:248,23
DA:249,23
DA:259,22
DA:261,22
DA:262,21
DA:282,21
DA:284,21
DA:286,2
DA:287,2
DA:293,5
DA:295,3
DA:296,3
DA:307,2
DA:309,1
DA:315,3
DA:316,2
DA:329,19
DA:331,19
DA:332,19
DA:335,15
DA:336,3
DA:338,12
DA:341,15
DA:342,4
DA:348,11
DA:349,1
DA:354,10
DA:360,10
DA:379,8
DA:381,8
DA:383,11
DA:384,11
DA:390,17
DA:407,57
DA:427,3
LF:87
LH:84
BRDA:17,0,0,51
BRDA:19,1,0,6
BRDA:19,1,1,51
BRDA:72,2,0,54
BRDA:72,2,1,3
BRDA:77,3,0,54
BRDA:77,3,1,3
BRDA:114,4,0,8
BRDA:114,4,1,64
BRDA:123,5,0,2
BRDA:123,5,1,1
BRDA:158,6,0,10
BRDA:158,6,1,5
BRDA:179,7,0,1
BRDA:179,7,1,1
BRDA:261,8,0,21
BRDA:261,8,1,1
BRDA:335,9,0,3
BRDA:335,9,1,12
BRDA:341,10,0,4
BRDA:341,10,1,11
BRDA:348,11,0,1
BRDA:348,11,1,10
BRF:23
BRH:23
end_of_record
TN:
SF:src\validation.js
FN:6,text
FN:26,integer
FN:40,id
FN:48,product
FN:56,credentials
FNF:5
FNH:5
FNDA:36,text
FNDA:57,integer
FNDA:28,id
FNDA:9,product
FNDA:102,credentials
DA:4,3
DA:7,36
DA:8,2
DA:11,34
DA:14,34
DA:15,5
DA:19,29
DA:20,3
DA:23,26
DA:27,57
DA:32,14
DA:37,43
DA:41,28
DA:42,6
DA:45,22
DA:49,9
DA:57,102
DA:58,102
DA:61,102
DA:66,9
DA:69,93
DA:74,4
DA:77,89
DA:83,3
LF:24
LH:24
BRDA:6,0,0,16
BRDA:7,1,0,2
BRDA:7,1,1,34
BRDA:14,2,0,5
BRDA:14,2,1,29
BRDA:14,3,0,34
BRDA:14,3,1,30
BRDA:19,4,0,3
BRDA:19,4,1,26
BRDA:26,5,0,18
BRDA:27,6,0,14
BRDA:27,6,1,43
BRDA:28,7,0,57
BRDA:28,7,1,51
BRDA:28,7,2,45
BRDA:41,8,0,6
BRDA:41,8,1,22
BRDA:61,9,0,9
BRDA:61,9,1,93
BRDA:62,10,0,102
BRDA:62,10,1,97
BRDA:62,10,2,96
BRDA:69,11,0,4
BRDA:69,11,1,89
BRDA:70,12,0,93
BRDA:70,12,1,92
BRDA:70,12,2,90
BRF:27
BRH:27
end_of_record
