TN:
SF:src\app.js
FN:22,createApp
FN:56,(anonymous_1)
FN:69,(anonymous_2)
FN:92,(anonymous_3)
FN:108,(anonymous_4)
FN:128,(anonymous_5)
FN:143,(anonymous_6)
FN:149,(anonymous_7)
FN:160,(anonymous_8)
FN:183,(anonymous_9)
FN:199,(anonymous_10)
FN:252,(anonymous_11)
FN:269,(anonymous_12)
FN:276,(anonymous_13)
FNF:14
FNH:14
FNDA:35,createApp
FNDA:116,(anonymous_1)
FNDA:1,(anonymous_2)
FNDA:56,(anonymous_3)
FNDA:18,(anonymous_4)
FNDA:2,(anonymous_5)
FNDA:1,(anonymous_6)
FNDA:4,(anonymous_7)
FNDA:6,(anonymous_8)
FNDA:2,(anonymous_9)
FNDA:8,(anonymous_10)
FNDA:1,(anonymous_11)
FNDA:1,(anonymous_12)
FNDA:42,(anonymous_13)
DA:1,1
DA:2,1
DA:6,1
DA:10,1
DA:14,1
DA:18,1
DA:20,1
DA:28,35
DA:29,35
DA:32,35
DA:35,35
DA:56,35
DA:57,116
DA:58,116
DA:62,35
DA:69,35
DA:70,1
DA:77,35
DA:89,35
DA:96,56
DA:98,54
DA:105,35
DA:112,18
DA:114,13
DA:119,11
DA:125,35
DA:128,35
DA:133,2
DA:135,2
DA:143,35
DA:144,1
DA:145,1
DA:149,35
DA:150,4
DA:157,35
DA:161,6
DA:163,3
DA:168,2
DA:174,2
DA:180,35
DA:184,2
DA:185,1
DA:187,1
DA:192,1
DA:197,35
DA:204,8
DA:206,8
DA:209,1
DA:215,7
DA:219,1
DA:225,6
DA:227,6
DA:233,5
DA:239,4
DA:247,2
DA:252,35
DA:253,1
DA:259,35
DA:269,35
DA:270,1
DA:276,35
DA:277,42
DA:278,38
DA:283,4
DA:284,1
DA:289,3
DA:293,1
DA:298,2
DA:303,35
DA:306,1
LF:70
LH:70
BRDA:26,0,0,0
BRDA:206,1,0,1
BRDA:206,1,1,7
BRDA:215,2,0,1
BRDA:215,2,1,6
BRDA:216,3,0,7
BRDA:216,3,1,2
BRDA:277,4,0,38
BRDA:277,4,1,4
BRDA:283,5,0,1
BRDA:283,5,1,3
BRDA:289,6,0,1
BRDA:289,6,1,2
BRDA:290,7,0,3
BRDA:290,7,1,2
BRF:15
BRH:14
end_of_record
TN:
SF:src\auth.js
FN:14,hashPassword
FN:24,verifyPassword
FN:36,createAuth
FN:48,login
FN:95,register
FN:108,authenticate
FN:191,administrator
FNF:7
FNH:7
FNDA:98,hashPassword
FNDA:69,verifyPassword
FNDA:38,createAuth
FNDA:65,login
FNDA:13,register
FNDA:37,authenticate
FNDA:11,administrator
DA:6,2
DA:8,2
DA:12,2
DA:16,98
DA:19,98
DA:21,98
DA:25,69
DA:27,69
DA:28,69
DA:30,69
DA:37,38
DA:38,3
DA:44,35
DA:49,65
DA:51,65
DA:56,65
DA:57,6
DA:63,59
DA:65,59
DA:71,59
DA:85,59
DA:97,13
DA:99,13
DA:105,11
DA:109,37
DA:110,37
DA:112,37
DA:113,2
DA:121,35
DA:122,35
DA:132,3
DA:138,32
DA:143,1
DA:149,31
DA:151,31
DA:155,3
DA:162,28
DA:164,28
DA:165,1
DA:167,1
DA:173,27
DA:178,27
DA:185,27
DA:187,10
DA:192,11
DA:193,3
DA:201,8
DA:204,35
DA:212,2
LF:49
LH:49
BRDA:31,0,0,69
BRDA:31,0,1,68
BRDA:36,1,0,15
BRDA:37,2,0,3
BRDA:37,2,1,35
BRDA:37,3,0,38
BRDA:37,3,1,36
BRDA:53,4,0,61
BRDA:53,4,1,4
BRDA:56,5,0,6
BRDA:56,5,1,59
BRDA:56,6,0,65
BRDA:56,6,1,61
BRDA:112,7,0,2
BRDA:112,7,1,35
BRDA:112,8,0,37
BRDA:112,8,1,36
BRDA:138,9,0,1
BRDA:138,9,1,31
BRDA:139,10,0,32
BRDA:139,10,1,32
BRDA:139,10,2,31
BRDA:151,11,0,3
BRDA:151,11,1,28
BRDA:152,12,0,31
BRDA:152,12,1,29
BRDA:164,13,0,1
BRDA:164,13,1,27
BRDA:192,14,0,3
BRDA:192,14,1,8
BRF:30
BRH:30
end_of_record
TN:
SF:src\errors.js
FN:2,(anonymous_0)
FNF:1
FNH:1
FNDA:70,(anonymous_0)
DA:3,70
DA:4,70
DA:8,2
LF:3
LH:3
BRDA:2,0,0,41
BRF:1
BRH:1
end_of_record
TN:
SF:src\store.js
FN:17,createStore
FN:70,view
FN:78,getProduct
FN:91,duplicate
FN:100,close
FN:106,addUser
FN:117,registerUser
FN:160,findUser
FN:167,newSession
FN:175,session
FN:188,touchSession
FN:197,deleteSession
FN:205,listProducts
FN:213,addProduct
FN:260,updateProduct
FN:282,move
FN:349,movements
FNF:17
FNH:17
FNDA:45,createStore
FNDA:40,view
FNDA:40,getProduct
FNDA:3,duplicate
FNDA:45,close
FNDA:55,addUser
FNDA:15,registerUser
FNDA:69,findUser
FNDA:59,newSession
FNDA:31,session
FNDA:27,touchSession
FNDA:2,deleteSession
FNDA:9,listProducts
FNDA:13,addProduct
FNDA:4,updateProduct
FNDA:12,move
FNDA:3,movements
DA:3,2
DA:7,2
DA:11,2
DA:15,2
DA:19,45
DA:20,4
DA:26,45
DA:29,45
DA:71,40
DA:79,40
DA:83,40
DA:84,3
DA:87,37
DA:92,3
DA:93,2
DA:96,1
DA:101,45
DA:107,55
DA:112,55
DA:118,15
DA:120,15
DA:121,15
DA:125,15
DA:127,15
DA:128,10
DA:131,15
DA:136,13
DA:138,13
DA:140,13
DA:146,2
DA:148,2
DA:149,1
DA:155,1
DA:161,69
DA:168,59
DA:176,31
DA:189,27
DA:198,2
DA:206,9
DA:214,13
DA:216,13
DA:217,13
DA:227,12
DA:229,12
DA:230,11
DA:250,11
DA:252,11
DA:254,2
DA:255,2
DA:261,4
DA:263,3
DA:264,3
DA:275,2
DA:277,1
DA:289,12
DA:291,12
DA:292,12
DA:295,11
DA:296,3
DA:298,8
DA:301,11
DA:302,3
DA:308,8
DA:309,1
DA:314,7
DA:320,7
DA:339,6
DA:341,6
DA:343,6
DA:344,6
DA:350,3
DA:366,45
DA:385,2
LF:73
LH:73
BRDA:17,0,0,41
BRDA:19,1,0,4
BRDA:19,1,1,41
BRDA:83,2,0,3
BRDA:83,2,1,37
BRDA:92,3,0,2
BRDA:92,3,1,1
BRDA:127,4,0,10
BRDA:127,4,1,5
BRDA:148,5,0,1
BRDA:148,5,1,1
BRDA:229,6,0,11
BRDA:229,6,1,1
BRDA:295,7,0,3
BRDA:295,7,1,8
BRDA:301,8,0,3
BRDA:301,8,1,8
BRDA:308,9,0,1
BRDA:308,9,1,7
BRF:19
BRH:19
end_of_record
TN:
SF:src\validation.js
FN:6,text
FN:26,integer
FN:40,id
FN:48,product
FN:56,credentials
FNF:5
FNH:5
FNDA:27,text
FNDA:33,integer
FNDA:15,id
FNDA:8,product
FNDA:82,credentials
DA:4,2
DA:7,27
DA:8,2
DA:11,25
DA:14,25
DA:15,4
DA:19,21
DA:20,3
DA:23,18
DA:27,33
DA:32,11
DA:37,22
DA:41,15
DA:42,6
DA:45,9
DA:49,8
DA:57,82
DA:58,82
DA:61,82
DA:66,9
DA:69,73
DA:74,4
DA:77,69
DA:83,2
LF:24
LH:24
BRDA:6,0,0,15
BRDA:7,1,0,2
BRDA:7,1,1,25
BRDA:14,2,0,4
BRDA:14,2,1,21
BRDA:14,3,0,25
BRDA:14,3,1,22
BRDA:19,4,0,3
BRDA:19,4,1,18
BRDA:26,5,0,17
BRDA:27,6,0,11
BRDA:27,6,1,22
BRDA:28,7,0,33
BRDA:28,7,1,28
BRDA:28,7,2,24
BRDA:41,8,0,6
BRDA:41,8,1,9
BRDA:61,9,0,9
BRDA:61,9,1,73
BRDA:62,10,0,82
BRDA:62,10,1,77
BRDA:62,10,2,76
BRDA:69,11,0,4
BRDA:69,11,1,69
BRDA:70,12,0,73
BRDA:70,12,1,72
BRDA:70,12,2,70
BRF:27
BRH:27
end_of_record
